TN:
SF:config.js
FN:1,Object.<anonymous>
FNF:1
FNH:1
FNDA:3,Object.<anonymous>
DA:1,3
DA:2,3
DA:3,3
DA:4,3
DA:5,3
DA:6,3
DA:7,3
DA:8,3
DA:9,3
DA:10,3
DA:11,3
DA:12,3
DA:13,3
LF:13
LH:13
BRDA:1,0,0,3
BRDA:1,1,0,3
BRF:2
BRH:2
end_of_record
TN:
SF:server.js
FN:1,Object.<anonymous>
FN:11,createServer
FNF:2
FNH:2
FNDA:2,Object.<anonymous>
FNDA:2,createServer
DA:1,2
DA:2,2
DA:3,2
DA:4,2
DA:5,2
DA:6,2
DA:7,2
DA:8,2
DA:9,2
DA:10,2
DA:11,2
DA:12,2
DA:13,2
DA:14,2
DA:15,2
DA:16,2
DA:17,2
DA:18,2
DA:19,2
DA:20,2
DA:21,2
DA:22,2
DA:23,2
DA:24,2
DA:25,2
LF:25
LH:25
BRDA:1,0,0,2
BRDA:1,1,0,2
BRDA:11,2,0,2
BRF:3
BRH:3
end_of_record
TN:
SF:controllers\areaController.js
FN:1,Object.<anonymous>
FN:3,getAllAree
FN:12,getNumeroAree
FN:23,getIDAreeMax
FN:32,getFiveAree
FN:41,getOneArea
FN:62,aumentaLuminositaArea
FN:83,diminuisciLuminositaArea
FN:106,aggiungiArea
FN:118,modificaArea
FN:141,eliminaArea
FN:163,cambiaModalitaArea
FN:184,accendiArea
FN:206,accendiAllAree
FN:216,spegniAllAree
FN:226,spegniArea
FNF:16
FNH:16
FNDA:3,Object.<anonymous>
FNDA:3,getAllAree
FNDA:3,getNumeroAree
FNDA:2,getIDAreeMax
FNDA:3,getFiveAree
FNDA:4,getOneArea
FNDA:3,aumentaLuminositaArea
FNDA:3,diminuisciLuminositaArea
FNDA:6,aggiungiArea
FNDA:4,modificaArea
FNDA:4,eliminaArea
FNDA:4,cambiaModalitaArea
FNDA:3,accendiArea
FNDA:2,accendiAllAree
FNDA:2,spegniAllAree
FNDA:3,spegniArea
DA:1,3
DA:2,3
DA:3,3
DA:4,3
DA:5,3
DA:6,2
DA:7,2
DA:8,1
DA:9,1
DA:10,1
DA:11,3
DA:12,3
DA:13,3
DA:14,3
DA:15,2
DA:16,2
DA:17,1
DA:18,1
DA:19,1
DA:20,3
DA:21,3
DA:22,3
DA:23,3
DA:24,2
DA:25,2
DA:26,1
DA:27,1
DA:28,1
DA:29,1
DA:30,1
DA:31,3
DA:32,3
DA:33,3
DA:34,3
DA:35,2
DA:36,2
DA:37,1
DA:38,1
DA:39,1
DA:40,3
DA:41,3
DA:42,4
DA:43,4
DA:44,4
DA:45,4
DA:46,1
DA:47,1
DA:48,1
DA:49,1
DA:50,1
DA:51,1
DA:52,1
DA:53,4
DA:54,4
DA:55,3
DA:56,4
DA:57,1
DA:58,1
DA:59,1
DA:60,1
DA:61,3
DA:62,3
DA:63,3
DA:64,3
DA:65,3
DA:66,3
DA:67,1
DA:68,1
DA:69,1
DA:70,1
DA:71,1
DA:72,1
DA:73,1
DA:74,3
DA:75,3
DA:76,1
DA:77,3
DA:78,2
DA:79,2
DA:80,2
DA:81,2
DA:82,3
DA:83,3
DA:84,3
DA:85,3
DA:86,3
DA:87,3
DA:88,1
DA:89,1
DA:90,1
DA:91,1
DA:92,1
DA:93,1
DA:94,1
DA:95,3
DA:96,3
DA:97,1
DA:98,3
DA:99,2
DA:100,2
DA:101,2
DA:102,2
DA:103,3
DA:104,3
DA:105,3
DA:106,3
DA:107,6
DA:108,6
DA:109,6
DA:110,6
DA:111,3
DA:112,3
DA:113,3
DA:114,3
DA:115,3
DA:116,3
DA:117,3
DA:118,3
DA:119,4
DA:120,4
DA:121,4
DA:122,4
DA:123,1
DA:124,1
DA:125,1
DA:126,1
DA:127,1
DA:128,1
DA:129,1
DA:130,4
DA:131,4
DA:132,4
DA:133,2
DA:134,2
DA:135,2
DA:136,2
DA:137,2
DA:138,4
DA:139,4
DA:140,3
DA:141,3
DA:142,4
DA:143,4
DA:144,4
DA:145,4
DA:146,1
DA:147,1
DA:148,1
DA:149,1
DA:150,1
DA:151,1
DA:152,1
DA:153,4
DA:154,4
DA:155,2
DA:156,2
DA:157,2
DA:158,2
DA:159,2
DA:160,4
DA:161,3
DA:162,3
DA:163,3
DA:164,4
DA:165,4
DA:166,4
DA:167,4
DA:168,1
DA:169,1
DA:170,1
DA:171,1
DA:172,1
DA:173,1
DA:174,1
DA:175,4
DA:176,4
DA:177,2
DA:178,2
DA:179,2
DA:180,2
DA:181,2
DA:182,4
DA:183,3
DA:184,3
DA:185,3
DA:186,3
DA:187,3
DA:188,3
DA:189,1
DA:190,1
DA:191,1
DA:192,1
DA:193,1
DA:194,1
DA:195,1
DA:196,3
DA:197,3
DA:198,1
DA:199,3
DA:200,2
DA:201,2
DA:202,2
DA:203,3
DA:204,3
DA:205,3
DA:206,3
DA:207,2
DA:208,2
DA:209,1
DA:210,1
DA:211,1
DA:212,1
DA:213,1
DA:214,2
DA:215,3
DA:216,3
DA:217,2
DA:218,2
DA:219,1
DA:220,1
DA:221,1
DA:222,1
DA:223,1
DA:224,2
DA:225,3
DA:226,3
DA:227,3
DA:228,3
DA:229,3
DA:230,3
DA:231,1
DA:232,1
DA:233,1
DA:234,1
DA:235,1
DA:236,1
DA:237,1
DA:238,3
DA:239,3
DA:240,1
DA:241,3
DA:242,2
DA:243,2
DA:244,2
DA:245,3
DA:246,3
DA:247,3
DA:248,3
DA:249,3
DA:250,3
DA:251,3
DA:252,3
DA:253,3
DA:254,3
DA:255,3
DA:256,3
DA:257,3
DA:258,3
DA:259,3
DA:260,3
DA:261,3
DA:262,3
DA:263,3
DA:264,3
DA:265,3
DA:266,3
DA:267,3
LF:267
LH:267
BRDA:1,0,0,3
BRDA:1,1,0,3
BRDA:3,2,0,3
BRDA:6,3,0,2
BRDA:7,4,0,1
BRDA:9,5,0,0
BRDA:12,6,0,3
BRDA:15,7,0,2
BRDA:16,8,0,1
BRDA:18,9,0,0
BRDA:23,10,0,2
BRDA:26,11,0,1
BRDA:29,12,0,0
BRDA:32,13,0,3
BRDA:35,14,0,2
BRDA:36,15,0,1
BRDA:38,16,0,0
BRDA:41,17,0,4
BRDA:45,18,0,1
BRDA:55,19,0,3
BRDA:56,20,0,1
BRDA:59,21,0,0
BRDA:62,22,0,3
BRDA:66,23,0,1
BRDA:76,24,0,1
BRDA:77,25,0,2
BRDA:80,26,0,0
BRDA:83,27,0,3
BRDA:87,28,0,1
BRDA:97,29,0,1
BRDA:98,30,0,2
BRDA:101,31,0,0
BRDA:106,32,0,6
BRDA:111,33,0,3
BRDA:114,34,0,0
BRDA:118,35,0,4
BRDA:122,36,0,1
BRDA:133,37,0,2
BRDA:136,38,0,0
BRDA:141,39,0,4
BRDA:145,40,0,1
BRDA:155,41,0,2
BRDA:158,42,0,0
BRDA:163,43,0,4
BRDA:167,44,0,1
BRDA:177,45,0,2
BRDA:180,46,0,0
BRDA:184,47,0,3
BRDA:188,48,0,1
BRDA:198,49,0,1
BRDA:199,50,0,2
BRDA:201,51,0,0
BRDA:206,52,0,2
BRDA:209,53,0,1
BRDA:212,54,0,0
BRDA:216,55,0,2
BRDA:219,56,0,1
BRDA:222,57,0,0
BRDA:226,58,0,3
BRDA:230,59,0,1
BRDA:240,60,0,1
BRDA:241,61,0,2
BRDA:243,62,0,0
BRF:63
BRH:48
end_of_record
TN:
SF:controllers\authenticationController.js
FN:1,Object.<anonymous>
FN:4,login
FNF:2
FNH:1
FNDA:2,Object.<anonymous>
FNDA:0,login
DA:1,2
DA:2,2
DA:3,2
DA:4,2
DA:5,0
DA:6,0
DA:7,0
DA:8,0
DA:9,0
DA:10,0
DA:11,0
DA:12,0
DA:13,0
DA:14,0
DA:15,0
DA:16,0
DA:17,0
DA:18,0
DA:19,0
DA:20,0
DA:21,2
DA:22,2
DA:23,2
DA:24,2
DA:25,2
DA:26,2
DA:27,2
DA:28,2
DA:29,2
DA:30,2
DA:31,2
DA:32,2
DA:33,2
DA:34,2
DA:35,2
DA:36,2
LF:36
LH:20
BRDA:1,0,0,2
BRDA:1,1,0,2
BRF:2
BRH:2
end_of_record
TN:
SF:controllers\guastoController.js
FN:1,Object.<anonymous>
FN:3,getAllGuastiAperti
FN:13,getAllGuastiChiusi
FN:24,getNumeroGuasti
FN:35,getOneGuasto
FN:58,chiudiGuasto
FN:79,modificaGuasto
FN:101,aggiungiGuasto
FNF:8
FNH:4
FNDA:2,Object.<anonymous>
FNDA:1,getAllGuastiAperti
FNDA:1,getAllGuastiChiusi
FNDA:3,getNumeroGuasti
FNDA:0,getOneGuasto
FNDA:0,chiudiGuasto
FNDA:0,modificaGuasto
FNDA:0,aggiungiGuasto
DA:1,2
DA:2,2
DA:3,2
DA:4,1
DA:5,1
DA:6,1
DA:7,1
DA:8,0
DA:9,0
DA:10,0
DA:11,2
DA:12,2
DA:13,2
DA:14,1
DA:15,1
DA:16,1
DA:17,1
DA:18,0
DA:19,0
DA:20,0
DA:21,2
DA:22,2
DA:23,2
DA:24,2
DA:25,3
DA:26,3
DA:27,2
DA:28,3
DA:29,1
DA:30,1
DA:31,1
DA:32,3
DA:33,2
DA:34,2
DA:35,2
DA:36,0
DA:37,0
DA:38,0
DA:39,0
DA:40,0
DA:41,0
DA:42,0
DA:43,0
DA:44,0
DA:45,0
DA:46,0
DA:47,0
DA:48,0
DA:49,0
DA:50,0
DA:51,0
DA:52,0
DA:53,0
DA:54,0
DA:55,2
DA:56,2
DA:57,2
DA:58,2
DA:59,0
DA:60,0
DA:61,0
DA:62,0
DA:63,0
DA:64,0
DA:65,0
DA:66,0
DA:67,0
DA:68,0
DA:69,0
DA:70,0
DA:71,0
DA:72,0
DA:73,0
DA:74,0
DA:75,0
DA:76,0
DA:77,0
DA:78,2
DA:79,2
DA:80,0
DA:81,0
DA:82,0
DA:83,0
DA:84,0
DA:85,0
DA:86,0
DA:87,0
DA:88,0
DA:89,0
DA:90,0
DA:91,0
DA:92,0
DA:93,0
DA:94,0
DA:95,0
DA:96,0
DA:97,0
DA:98,0
DA:99,0
DA:100,2
DA:101,2
DA:102,0
DA:103,0
DA:104,0
DA:105,0
DA:106,0
DA:107,0
DA:108,0
DA:109,0
DA:110,0
DA:111,0
DA:112,0
DA:113,0
DA:114,2
DA:115,2
DA:116,2
DA:117,2
DA:118,2
DA:119,2
DA:120,2
DA:121,2
DA:122,2
DA:123,2
DA:124,2
LF:124
LH:48
BRDA:1,0,0,2
BRDA:1,1,0,2
BRDA:3,2,0,1
BRDA:7,3,0,0
BRDA:13,4,0,1
BRDA:17,5,0,0
BRDA:24,6,0,3
BRDA:27,7,0,2
BRDA:28,8,0,1
BRF:9
BRH:7
end_of_record
TN:
SF:controllers\lampioneController.js
FN:1,Object.<anonymous>
FN:3,getAllLampsFromArea
FN:24,getAllLampsFromAreaCount
FN:37,getNumeroLampioni
FN:49,eliminaLampione
FN:70,aggiungiLampione
FN:86,getOneLampione
FN:108,modificaLampione
FN:138,accendiLampioniArea
FN:165,spegniLampioniArea
FN:191,accendiLampione
FN:214,spegniLampione
FNF:12
FNH:1
FNDA:2,Object.<anonymous>
FNDA:0,getAllLampsFromArea
FNDA:0,getAllLampsFromAreaCount
FNDA:0,getNumeroLampioni
FNDA:0,eliminaLampione
FNDA:0,aggiungiLampione
FNDA:0,getOneLampione
FNDA:0,modificaLampione
FNDA:0,accendiLampioniArea
FNDA:0,spegniLampioniArea
FNDA:0,accendiLampione
FNDA:0,spegniLampione
DA:1,2
DA:2,2
DA:3,2
DA:4,0
DA:5,0
DA:6,0
DA:7,0
DA:8,0
DA:9,0
DA:10,0
DA:11,0
DA:12,0
DA:13,0
DA:14,0
DA:15,0
DA:16,0
DA:17,0
DA:18,0
DA:19,0
DA:20,0
DA:21,0
DA:22,0
DA:23,2
DA:24,2
DA:25,0
DA:26,0
DA:27,0
DA:28,0
DA:29,0
DA:30,0
DA:31,0
DA:32,0
DA:33,0
DA:34,0
DA:35,2
DA:36,2
DA:37,2
DA:38,0
DA:39,0
DA:40,0
DA:41,0
DA:42,0
DA:43,0
DA:44,0
DA:45,0
DA:46,0
DA:47,2
DA:48,2
DA:49,2
DA:50,0
DA:51,0
DA:52,0
DA:53,0
DA:54,0
DA:55,0
DA:56,0
DA:57,0
DA:58,0
DA:59,0
DA:60,0
DA:61,0
DA:62,0
DA:63,0
DA:64,0
DA:65,0
DA:66,0
DA:67,0
DA:68,0
DA:69,0
DA:70,2
DA:71,0
DA:72,0
DA:73,0
DA:74,0
DA:75,0
DA:76,0
DA:77,0
DA:78,0
DA:79,0
DA:80,0
DA:81,0
DA:82,0
DA:83,0
DA:84,0
DA:85,2
DA:86,2
DA:87,0
DA:88,0
DA:89,0
DA:90,0
DA:91,0
DA:92,0
DA:93,0
DA:94,0
DA:95,0
DA:96,0
DA:97,0
DA:98,0
DA:99,0
DA:100,0
DA:101,0
DA:102,0
DA:103,0
DA:104,0
DA:105,0
DA:106,2
DA:107,2
DA:108,2
DA:109,0
DA:110,0
DA:111,0
DA:112,0
DA:113,0
DA:114,0
DA:115,0
DA:116,0
DA:117,0
DA:118,0
DA:119,0
DA:120,0
DA:121,0
DA:122,0
DA:123,0
DA:124,0
DA:125,0
DA:126,0
DA:127,0
DA:128,0
DA:129,0
DA:130,0
DA:131,0
DA:132,0
DA:133,0
DA:134,0
DA:135,0
DA:136,0
DA:137,2
DA:138,2
DA:139,0
DA:140,0
DA:141,0
DA:142,0
DA:143,0
DA:144,0
DA:145,0
DA:146,0
DA:147,0
DA:148,0
DA:149,0
DA:150,0
DA:151,0
DA:152,0
DA:153,0
DA:154,0
DA:155,0
DA:156,0
DA:157,0
DA:158,0
DA:159,0
DA:160,0
DA:161,0
DA:162,0
DA:163,2
DA:164,2
DA:165,2
DA:166,0
DA:167,0
DA:168,0
DA:169,0
DA:170,0
DA:171,0
DA:172,0
DA:173,0
DA:174,0
DA:175,0
DA:176,0
DA:177,0
DA:178,0
DA:179,0
DA:180,0
DA:181,0
DA:182,0
DA:183,0
DA:184,0
DA:185,0
DA:186,0
DA:187,0
DA:188,0
DA:189,0
DA:190,2
DA:191,2
DA:192,0
DA:193,0
DA:194,0
DA:195,0
DA:196,0
DA:197,0
DA:198,0
DA:199,0
DA:200,0
DA:201,0
DA:202,0
DA:203,0
DA:204,0
DA:205,0
DA:206,0
DA:207,0
DA:208,0
DA:209,0
DA:210,0
DA:211,0
DA:212,0
DA:213,2
DA:214,2
DA:215,0
DA:216,0
DA:217,0
DA:218,0
DA:219,0
DA:220,0
DA:221,0
DA:222,0
DA:223,0
DA:224,0
DA:225,0
DA:226,0
DA:227,0
DA:228,0
DA:229,0
DA:230,0
DA:231,0
DA:232,0
DA:233,0
DA:234,0
DA:235,0
DA:236,2
DA:237,2
DA:238,2
DA:239,2
DA:240,2
DA:241,2
DA:242,2
DA:243,2
DA:244,2
DA:245,2
DA:246,2
DA:247,2
DA:248,2
LF:248
LH:39
BRDA:1,0,0,2
BRDA:1,1,0,2
BRF:2
BRH:2
end_of_record
TN:
SF:controllers\sensoreController.js
FN:1,Object.<anonymous>
FN:2,getAllSensoriFromArea
FN:23,getNumeroSensoriAreaCount
FN:38,getNumeroSensori
FN:50,eliminaSensore
FN:70,aggiungiSensore
FN:86,modificaSensore
FN:106,getOneSensore
FNF:8
FNH:1
FNDA:2,Object.<anonymous>
FNDA:0,getAllSensoriFromArea
FNDA:0,getNumeroSensoriAreaCount
FNDA:0,getNumeroSensori
FNDA:0,eliminaSensore
FNDA:0,aggiungiSensore
FNDA:0,modificaSensore
FNDA:0,getOneSensore
DA:1,2
DA:2,2
DA:3,0
DA:4,0
DA:5,0
DA:6,0
DA:7,0
DA:8,0
DA:9,0
DA:10,0
DA:11,0
DA:12,0
DA:13,0
DA:14,0
DA:15,0
DA:16,0
DA:17,0
DA:18,0
DA:19,0
DA:20,0
DA:21,0
DA:22,2
DA:23,2
DA:24,0
DA:25,0
DA:26,0
DA:27,0
DA:28,0
DA:29,0
DA:30,0
DA:31,0
DA:32,0
DA:33,0
DA:34,2
DA:35,2
DA:36,2
DA:37,2
DA:38,2
DA:39,0
DA:40,0
DA:41,0
DA:42,0
DA:43,0
DA:44,0
DA:45,0
DA:46,0
DA:47,2
DA:48,2
DA:49,2
DA:50,2
DA:51,0
DA:52,0
DA:53,0
DA:54,0
DA:55,0
DA:56,0
DA:57,0
DA:58,0
DA:59,0
DA:60,0
DA:61,0
DA:62,0
DA:63,0
DA:64,0
DA:65,0
DA:66,0
DA:67,0
DA:68,0
DA:69,0
DA:70,2
DA:71,0
DA:72,0
DA:73,0
DA:74,0
DA:75,0
DA:76,0
DA:77,0
DA:78,0
DA:79,0
DA:80,0
DA:81,0
DA:82,0
DA:83,0
DA:84,2
DA:85,2
DA:86,2
DA:87,0
DA:88,0
DA:89,0
DA:90,0
DA:91,0
DA:92,0
DA:93,0
DA:94,0
DA:95,0
DA:96,0
DA:97,0
DA:98,0
DA:99,0
DA:100,0
DA:101,0
DA:102,0
DA:103,0
DA:104,2
DA:105,2
DA:106,2
DA:107,0
DA:108,0
DA:109,0
DA:110,0
DA:111,0
DA:112,0
DA:113,0
DA:114,0
DA:115,0
DA:116,0
DA:117,0
DA:118,0
DA:119,0
DA:120,0
DA:121,0
DA:122,0
DA:123,0
DA:124,0
DA:125,0
DA:126,2
DA:127,2
DA:128,2
DA:129,2
DA:130,2
DA:131,2
DA:132,2
DA:133,2
DA:134,2
DA:135,2
LF:135
LH:30
BRDA:1,0,0,2
BRDA:1,1,0,2
BRF:2
BRH:2
end_of_record
TN:
SF:models\amministratoreModel.js
FN:2,Object.<anonymous>
FN:3,Object.<anonymous>.module.exports
FNF:2
FNH:2
FNDA:3,Object.<anonymous>
FNDA:3,Object.<anonymous>.module.exports
DA:1,1
DA:2,3
DA:3,3
DA:4,3
DA:5,3
DA:6,3
DA:7,3
DA:8,3
DA:9,3
DA:10,3
DA:11,3
DA:12,3
DA:13,3
DA:14,3
DA:15,3
DA:16,3
DA:17,3
DA:18,3
DA:19,3
DA:20,3
DA:21,3
DA:22,3
DA:23,3
DA:24,3
DA:25,3
DA:26,3
DA:27,3
DA:28,3
DA:29,3
LF:29
LH:29
BRDA:2,0,0,3
BRDA:2,1,0,3
BRDA:3,2,0,3
BRF:3
BRH:3
end_of_record
TN:
SF:models\areeModel.js
FN:1,Object.<anonymous>
FN:1,Object.<anonymous>.module.exports
FNF:2
FNH:2
FNDA:3,Object.<anonymous>
FNDA:3,Object.<anonymous>.module.exports
DA:1,3
DA:2,3
DA:3,3
DA:4,3
DA:5,3
DA:6,3
DA:7,3
DA:8,3
DA:9,3
DA:10,3
DA:11,3
DA:12,3
DA:13,3
DA:14,3
DA:15,3
DA:16,3
DA:17,3
DA:18,3
DA:19,3
DA:20,3
DA:21,3
DA:22,3
DA:23,3
DA:24,3
DA:25,3
DA:26,3
DA:27,3
DA:28,3
DA:29,3
DA:30,3
DA:31,3
DA:32,3
DA:33,3
DA:34,3
DA:35,3
DA:36,3
DA:37,3
DA:38,3
DA:39,3
DA:40,3
DA:41,3
DA:42,3
DA:43,3
DA:44,3
DA:45,3
LF:45
LH:45
BRDA:1,0,0,3
BRDA:1,1,0,3
BRDA:1,2,0,3
BRF:3
BRH:3
end_of_record
TN:
SF:models\guastiModel.js
FN:1,Object.<anonymous>
FN:1,Object.<anonymous>.module.exports
FNF:2
FNH:2
FNDA:3,Object.<anonymous>
FNDA:3,Object.<anonymous>.module.exports
DA:1,3
DA:2,3
DA:3,3
DA:4,3
DA:5,3
DA:6,3
DA:7,3
DA:8,3
DA:9,3
DA:10,3
DA:11,3
DA:12,3
DA:13,3
DA:14,3
DA:15,3
DA:16,3
DA:17,3
DA:18,3
DA:19,3
DA:20,3
DA:21,3
DA:22,3
DA:23,3
DA:24,3
DA:25,3
DA:26,3
DA:27,3
DA:28,3
DA:29,3
DA:30,3
DA:31,3
DA:32,3
DA:33,3
DA:34,3
DA:35,3
DA:36,3
DA:37,3
DA:38,3
DA:39,3
DA:40,3
DA:41,3
DA:42,3
DA:43,3
LF:43
LH:43
BRDA:1,0,0,3
BRDA:1,1,0,3
BRDA:1,2,0,3
BRF:3
BRH:3
end_of_record
TN:
SF:models\index.js
FN:1,Object.<anonymous>
FNF:1
FNH:1
FNDA:3,Object.<anonymous>
DA:1,3
DA:2,3
DA:3,3
DA:4,3
DA:5,3
DA:6,3
DA:7,3
DA:8,3
DA:9,3
DA:10,3
DA:11,3
DA:12,3
DA:13,3
DA:14,3
DA:15,3
DA:16,3
DA:17,3
DA:18,3
DA:19,3
DA:20,3
DA:21,3
DA:22,3
DA:23,3
DA:24,3
DA:25,3
DA:26,3
DA:27,3
DA:28,3
DA:29,3
DA:30,3
DA:31,3
DA:32,3
DA:33,3
DA:34,3
DA:35,3
LF:35
LH:35
BRDA:1,0,0,3
BRDA:1,1,0,3
BRF:2
BRH:2
end_of_record
TN:
SF:models\lampioniModel.js
FN:1,Object.<anonymous>
FN:1,Object.<anonymous>.module.exports
FNF:2
FNH:2
FNDA:3,Object.<anonymous>
FNDA:3,Object.<anonymous>.module.exports
DA:1,3
DA:2,3
DA:3,3
DA:4,3
DA:5,3
DA:6,3
DA:7,3
DA:8,3
DA:9,3
DA:10,3
DA:11,3
DA:12,3
DA:13,3
DA:14,3
DA:15,3
DA:16,3
DA:17,3
DA:18,3
DA:19,3
DA:20,3
DA:21,3
DA:22,3
DA:23,3
DA:24,3
DA:25,3
DA:26,3
DA:27,3
DA:28,3
DA:29,3
DA:30,3
DA:31,3
DA:32,3
DA:33,3
DA:34,3
DA:35,3
DA:36,3
DA:37,3
DA:38,3
DA:39,3
DA:40,3
DA:41,3
DA:42,3
DA:43,3
DA:44,3
LF:44
LH:44
BRDA:1,0,0,3
BRDA:1,1,0,3
BRDA:1,2,0,3
BRF:3
BRH:3
end_of_record
TN:
SF:models\sensoriModel.js
FN:1,Object.<anonymous>
FN:1,Object.<anonymous>.module.exports
FNF:2
FNH:2
FNDA:3,Object.<anonymous>
FNDA:3,Object.<anonymous>.module.exports
DA:1,3
DA:2,3
DA:3,3
DA:4,3
DA:5,3
DA:6,3
DA:7,3
DA:8,3
DA:9,3
DA:10,3
DA:11,3
DA:12,3
DA:13,3
DA:14,3
DA:15,3
DA:16,3
DA:17,3
DA:18,3
DA:19,3
DA:20,3
DA:21,3
DA:22,3
DA:23,3
DA:24,3
DA:25,3
DA:26,3
DA:27,3
DA:28,3
DA:29,3
DA:30,3
DA:31,3
DA:32,3
DA:33,3
DA:34,3
DA:35,3
DA:36,3
DA:37,3
DA:38,3
DA:39,3
DA:40,3
DA:41,3
DA:42,3
LF:42
LH:42
BRDA:1,0,0,3
BRDA:1,1,0,3
BRDA:1,2,0,3
BRF:3
BRH:3
end_of_record
TN:
SF:routes\areaRoutes.js
FN:1,Object.<anonymous>
FNF:1
FNH:1
FNDA:2,Object.<anonymous>
DA:1,2
DA:2,2
DA:3,2
DA:4,2
DA:5,2
DA:6,2
DA:7,2
DA:8,2
DA:9,2
DA:10,2
DA:11,2
DA:12,2
DA:13,2
DA:14,2
DA:15,2
DA:16,2
DA:17,2
DA:18,2
DA:19,2
DA:20,2
DA:21,2
LF:21
LH:21
BRDA:1,0,0,2
BRDA:1,1,0,2
BRF:2
BRH:2
end_of_record
TN:
SF:routes\authenticationRoutes.js
FN:1,Object.<anonymous>
FNF:1
FNH:1
FNDA:2,Object.<anonymous>
DA:1,2
DA:2,2
DA:3,2
DA:4,2
DA:5,2
DA:6,2
LF:6
LH:6
BRDA:1,0,0,2
BRDA:1,1,0,2
BRF:2
BRH:2
end_of_record
TN:
SF:routes\guastoRoutes.js
FN:1,Object.<anonymous>
FNF:1
FNH:1
FNDA:2,Object.<anonymous>
DA:1,2
DA:2,2
DA:3,2
DA:4,2
DA:5,2
DA:6,2
DA:7,2
DA:8,2
DA:9,2
DA:10,2
DA:11,2
DA:12,2
DA:13,2
DA:14,2
LF:14
LH:14
BRDA:1,0,0,2
BRDA:1,1,0,2
BRF:2
BRH:2
end_of_record
TN:
SF:routes\lampioneRoutes.js
FN:1,Object.<anonymous>
FNF:1
FNH:1
FNDA:2,Object.<anonymous>
DA:1,2
DA:2,2
DA:3,2
DA:4,2
DA:5,2
DA:6,2
DA:7,2
DA:8,2
DA:9,2
DA:10,2
DA:11,2
DA:12,2
DA:13,2
DA:14,2
DA:15,2
DA:16,2
LF:16
LH:16
BRDA:1,0,0,2
BRDA:1,1,0,2
BRF:2
BRH:2
end_of_record
TN:
SF:routes\sensoreRoutes.js
FN:1,Object.<anonymous>
FNF:1
FNH:1
FNDA:2,Object.<anonymous>
DA:1,2
DA:2,2
DA:3,2
DA:4,2
DA:5,2
DA:6,2
DA:7,2
DA:8,2
DA:9,2
DA:10,2
DA:11,2
DA:12,2
DA:13,2
LF:13
LH:13
BRDA:1,0,0,2
BRDA:1,1,0,2
BRF:2
BRH:2
end_of_record
TN:
SF:services\areaService.js
FN:1,Object.<anonymous>
FN:13,checkForUpdate
FN:52,getAllAree
FN:56,getNumeroAree
FN:60,getFiveAree
FN:65,getModalitaArea
FN:74,getOneArea
FN:78,aumentaLuminositaArea
FN:84,diminuisciLuminositaArea
FN:91,getIDAreeMax
FN:102,aggiungiArea
FN:119,modificaArea
FN:168,eliminaArea
FN:213,cambiaModalitaArea
FN:234,accendiArea
FN:250,spegniArea
FN:266,accendiAllAree
FN:281,spegniAllAree
FNF:18
FNH:12
FNDA:3,Object.<anonymous>
FNDA:0,checkForUpdate
FNDA:0,getAllAree
FNDA:1,getNumeroAree
FNDA:1,getFiveAree
FNDA:0,getModalitaArea
FNDA:2,getOneArea
FNDA:1,aumentaLuminositaArea
FNDA:1,diminuisciLuminositaArea
FNDA:0,getIDAreeMax
FNDA:1,aggiungiArea
FNDA:1,modificaArea
FNDA:1,eliminaArea
FNDA:1,cambiaModalitaArea
FNDA:1,accendiArea
FNDA:1,spegniArea
FNDA:0,accendiAllAree
FNDA:0,spegniAllAree
DA:1,3
DA:2,3
DA:3,3
DA:4,3
DA:5,3
DA:6,3
DA:7,3
DA:8,3
DA:9,3
DA:10,3
DA:11,3
DA:12,3
DA:13,3
DA:14,0
DA:15,0
DA:16,0
DA:17,0
DA:18,0
DA:19,0
DA:20,0
DA:21,0
DA:22,0
DA:23,0
DA:24,0
DA:25,0
DA:26,0
DA:27,0
DA:28,0
DA:29,0
DA:30,0
DA:31,0
DA:32,0
DA:33,0
DA:34,0
DA:35,0
DA:36,0
DA:37,0
DA:38,0
DA:39,0
DA:40,0
DA:41,0
DA:42,0
DA:43,0
DA:44,0
DA:45,0
DA:46,0
DA:47,0
DA:48,0
DA:49,3
DA:50,3
DA:51,3
DA:52,3
DA:53,0
DA:54,0
DA:55,3
DA:56,3
DA:57,1
DA:58,1
DA:59,3
DA:60,3
DA:61,1
DA:62,1
DA:63,3
DA:64,3
DA:65,3
DA:66,0
DA:67,0
DA:68,0
DA:69,0
DA:70,0
DA:71,0
DA:72,0
DA:73,3
DA:74,3
DA:75,2
DA:76,1
DA:77,3
DA:78,3
DA:79,1
DA:80,1
DA:81,0
DA:82,0
DA:83,3
DA:84,3
DA:85,1
DA:86,1
DA:87,0
DA:88,0
DA:89,3
DA:90,3
DA:91,3
DA:92,0
DA:93,0
DA:94,0
DA:95,0
DA:96,0
DA:97,0
DA:98,0
DA:99,3
DA:100,3
DA:101,3
DA:102,3
DA:103,1
DA:104,1
DA:105,0
DA:106,0
DA:107,0
DA:108,0
DA:109,0
DA:110,0
DA:111,0
DA:112,0
DA:113,0
DA:114,0
DA:115,0
DA:116,0
DA:117,1
DA:118,3
DA:119,3
DA:120,1
DA:121,1
DA:122,1
DA:123,1
DA:124,1
DA:125,1
DA:126,1
DA:127,1
DA:128,1
DA:129,1
DA:130,1
DA:131,1
DA:132,1
DA:133,1
DA:134,0
DA:135,0
DA:136,0
DA:137,0
DA:138,0
DA:139,0
DA:140,0
DA:141,0
DA:142,0
DA:143,0
DA:144,0
DA:145,0
DA:146,0
DA:147,0
DA:148,0
DA:149,0
DA:150,0
DA:151,0
DA:152,0
DA:153,0
DA:154,0
DA:155,0
DA:156,0
DA:157,0
DA:158,0
DA:159,0
DA:160,0
DA:161,0
DA:162,0
DA:163,0
DA:164,0
DA:165,0
DA:166,1
DA:167,3
DA:168,3
DA:169,1
DA:170,1
DA:171,0
DA:172,0
DA:173,0
DA:174,0
DA:175,0
DA:176,0
DA:177,0
DA:178,0
DA:179,0
DA:180,0
DA:181,0
DA:182,0
DA:183,0
DA:184,0
DA:185,0
DA:186,0
DA:187,0
DA:188,0
DA:189,0
DA:190,0
DA:191,0
DA:192,0
DA:193,0
DA:194,0
DA:195,0
DA:196,0
DA:197,0
DA:198,0
DA:199,0
DA:200,0
DA:201,0
DA:202,0
DA:203,0
DA:204,0
DA:205,0
DA:206,0
DA:207,0
DA:208,0
DA:209,0
DA:210,0
DA:211,0
DA:212,1
DA:213,3
DA:214,1
DA:215,1
DA:216,0
DA:217,0
DA:218,0
DA:219,0
DA:220,0
DA:221,0
DA:222,0
DA:223,0
DA:224,0
DA:225,0
DA:226,0
DA:227,0
DA:228,0
DA:229,0
DA:230,0
DA:231,0
DA:232,1
DA:233,3
DA:234,3
DA:235,1
DA:236,1
DA:237,1
DA:238,0
DA:239,0
DA:240,0
DA:241,0
DA:242,0
DA:243,0
DA:244,0
DA:245,0
DA:246,0
DA:247,0
DA:248,1
DA:249,3
DA:250,3
DA:251,1
DA:252,1
DA:253,1
DA:254,0
DA:255,0
DA:256,0
DA:257,0
DA:258,0
DA:259,0
DA:260,0
DA:261,0
DA:262,0
DA:263,1
DA:264,3
DA:265,3
DA:266,3
DA:267,0
DA:268,0
DA:269,0
DA:270,0
DA:271,0
DA:272,0
DA:273,0
DA:274,0
DA:275,0
DA:276,0
DA:277,0
DA:278,0
DA:279,0
DA:280,3
DA:281,3
DA:282,0
DA:283,0
DA:284,0
DA:285,0
DA:286,0
DA:287,0
DA:288,0
DA:289,0
DA:290,0
DA:291,0
DA:292,0
DA:293,0
DA:294,0
DA:295,0
DA:296,0
DA:297,3
DA:298,3
DA:299,3
DA:300,3
DA:301,3
DA:302,3
DA:303,3
DA:304,3
DA:305,3
DA:306,3
DA:307,3
DA:308,3
DA:309,3
DA:310,3
DA:311,3
DA:312,3
DA:313,3
DA:314,3
DA:315,3
DA:316,3
DA:317,3
DA:318,3
DA:319,3
LF:319
LH:116
BRDA:1,0,0,3
BRDA:1,1,0,3
BRDA:56,2,0,1
BRDA:60,3,0,1
BRDA:74,4,0,2
BRDA:76,5,0,1
BRDA:78,6,0,1
BRDA:81,7,0,0
BRDA:84,8,0,1
BRDA:87,9,0,0
BRDA:102,10,0,1
BRDA:104,11,0,0
BRDA:119,12,0,1
BRDA:134,13,0,0
BRDA:168,14,0,1
BRDA:171,15,0,0
BRDA:213,16,0,1
BRDA:215,17,0,0
BRDA:234,18,0,1
BRDA:237,19,0,0
BRDA:250,20,0,1
BRDA:253,21,0,0
BRF:22
BRH:14
end_of_record
TN:
SF:services\authenticationService.js
FN:1,Object.<anonymous>
FN:8,login
FNF:2
FNH:1
FNDA:2,Object.<anonymous>
FNDA:0,login
DA:1,2
DA:2,2
DA:3,2
DA:4,2
DA:5,2
DA:6,2
DA:7,2
DA:8,2
DA:9,0
DA:10,0
DA:11,0
DA:12,0
DA:13,0
DA:14,0
DA:15,0
DA:16,0
DA:17,0
DA:18,0
DA:19,0
DA:20,0
DA:21,0
DA:22,0
DA:23,0
DA:24,0
DA:25,0
DA:26,0
DA:27,0
DA:28,0
DA:29,0
DA:30,0
DA:31,0
DA:32,0
DA:33,0
DA:34,0
DA:35,0
DA:36,0
DA:37,2
DA:38,2
DA:39,2
DA:40,2
DA:41,2
DA:42,2
DA:43,2
DA:44,2
DA:45,2
DA:46,2
DA:47,2
DA:48,2
DA:49,2
DA:50,2
DA:51,2
DA:52,2
DA:53,2
DA:54,2
DA:55,2
DA:56,2
DA:57,2
LF:57
LH:29
BRDA:1,0,0,2
BRDA:1,1,0,2
BRF:2
BRH:2
end_of_record
TN:
SF:services\guastoService.js
FN:1,Object.<anonymous>
FN:5,getAllGuastiAperti
FN:28,getAllGuastiChiusi
FN:51,getGuastiForSensoreRotto
FN:68,getNumeroGuasti
FN:73,getOneGuasto
FN:78,chiudiGuasto
FN:103,eliminaGuastiArea
FN:111,eliminaGuasto
FN:127,modificaGuasto
FN:171,aggiungiGuasto
FNF:11
FNH:7
FNDA:3,Object.<anonymous>
FNDA:1,getAllGuastiAperti
FNDA:1,getAllGuastiChiusi
FNDA:1,getGuastiForSensoreRotto
FNDA:1,getNumeroGuasti
FNDA:1,getOneGuasto
FNDA:0,chiudiGuasto
FNDA:1,eliminaGuastiArea
FNDA:0,eliminaGuasto
FNDA:0,modificaGuasto
FNDA:0,aggiungiGuasto
DA:1,3
DA:2,3
DA:3,3
DA:4,3
DA:5,3
DA:6,1
DA:7,1
DA:8,1
DA:9,1
DA:10,1
DA:11,1
DA:12,1
DA:13,1
DA:14,1
DA:15,1
DA:16,1
DA:17,1
DA:18,1
DA:19,1
DA:20,1
DA:21,1
DA:22,1
DA:23,1
DA:24,1
DA:25,3
DA:26,3
DA:27,3
DA:28,3
DA:29,1
DA:30,1
DA:31,1
DA:32,1
DA:33,1
DA:34,1
DA:35,1
DA:36,1
DA:37,1
DA:38,1
DA:39,1
DA:40,1
DA:41,1
DA:42,1
DA:43,1
DA:44,1
DA:45,1
DA:46,1
DA:47,1
DA:48,3
DA:49,3
DA:50,3
DA:51,3
DA:52,1
DA:53,1
DA:54,1
DA:55,1
DA:56,1
DA:57,1
DA:58,1
DA:59,1
DA:60,1
DA:61,1
DA:62,1
DA:63,1
DA:64,1
DA:65,3
DA:66,3
DA:67,3
DA:68,3
DA:69,1
DA:70,1
DA:71,3
DA:72,3
DA:73,3
DA:74,1
DA:75,1
DA:76,3
DA:77,3
DA:78,3
DA:79,0
DA:80,0
DA:81,0
DA:82,0
DA:83,0
DA:84,0
DA:85,0
DA:86,0
DA:87,0
DA:88,0
DA:89,0
DA:90,0
DA:91,0
DA:92,0
DA:93,0
DA:94,0
DA:95,0
DA:96,0
DA:97,0
DA:98,0
DA:99,0
DA:100,0
DA:101,0
DA:102,3
DA:103,3
DA:104,1
DA:105,1
DA:106,1
DA:107,1
DA:108,1
DA:109,1
DA:110,1
DA:111,3
DA:112,0
DA:113,0
DA:114,0
DA:115,0
DA:116,0
DA:117,0
DA:118,0
DA:119,0
DA:120,0
DA:121,0
DA:122,0
DA:123,0
DA:124,0
DA:125,0
DA:126,3
DA:127,3
DA:128,0
DA:129,0
DA:130,0
DA:131,0
DA:132,0
DA:133,0
DA:134,0
DA:135,0
DA:136,0
DA:137,0
DA:138,0
DA:139,0
DA:140,0
DA:141,0
DA:142,0
DA:143,0
DA:144,0
DA:145,0
DA:146,0
DA:147,0
DA:148,0
DA:149,0
DA:150,0
DA:151,0
DA:152,0
DA:153,0
DA:154,0
DA:155,0
DA:156,0
DA:157,0
DA:158,0
DA:159,0
DA:160,0
DA:161,0
DA:162,0
DA:163,0
DA:164,0
DA:165,0
DA:166,0
DA:167,0
DA:168,0
DA:169,0
DA:170,3
DA:171,3
DA:172,0
DA:173,0
DA:174,0
DA:175,0
DA:176,0
DA:177,0
DA:178,0
DA:179,0
DA:180,0
DA:181,0
DA:182,0
DA:183,0
DA:184,0
DA:185,3
DA:186,3
DA:187,3
DA:188,3
DA:189,3
DA:190,3
DA:191,3
DA:192,3
DA:193,3
DA:194,3
DA:195,3
DA:196,3
DA:197,3
LF:197
LH:105
BRDA:1,0,0,3
BRDA:1,1,0,3
BRDA:5,2,0,1
BRDA:28,3,0,1
BRDA:51,4,0,1
BRDA:68,5,0,1
BRDA:73,6,0,1
BRDA:103,7,0,1
BRF:8
BRH:8
end_of_record
TN:
SF:services\lampioneService.js
FN:1,Object.<anonymous>
FN:8,getAllLampsFromArea
FN:36,getLampIDtoPowerOn
FN:53,getBrightnessofArea
FN:63,getBrightnessManualeArea
FN:76,getBrightnessRilevamento
FN:89,getBrightnessofLamp
FN:101,getAllLampsFromAreaCount
FN:114,getOneLampione
FN:118,getNumeroLampioni
FN:123,eliminaLampione
FN:133,aggiungiLampione
FN:147,setStatoSingoloLampione
FN:157,modificaLampione
FN:203,accendiLampioniArea
FN:226,accendiLampioniManualeArea
FN:250,accendiLampioniAreaRilevamento
FN:284,spegniLampioniArea
FN:314,accendiLampione
FN:330,spegniLampione
FNF:20
FNH:2
FNDA:3,Object.<anonymous>
FNDA:1,getAllLampsFromArea
FNDA:0,getLampIDtoPowerOn
FNDA:0,getBrightnessofArea
FNDA:0,getBrightnessManualeArea
FNDA:0,getBrightnessRilevamento
FNDA:0,getBrightnessofLamp
FNDA:0,getAllLampsFromAreaCount
FNDA:0,getOneLampione
FNDA:0,getNumeroLampioni
FNDA:0,eliminaLampione
FNDA:0,aggiungiLampione
FNDA:0,setStatoSingoloLampione
FNDA:0,modificaLampione
FNDA:0,accendiLampioniArea
FNDA:0,accendiLampioniManualeArea
FNDA:0,accendiLampioniAreaRilevamento
FNDA:0,spegniLampioniArea
FNDA:0,accendiLampione
FNDA:0,spegniLampione
DA:1,3
DA:2,3
DA:3,3
DA:4,3
DA:5,3
DA:6,3
DA:7,3
DA:8,3
DA:9,1
DA:10,1
DA:11,1
DA:12,1
DA:13,1
DA:14,0
DA:15,0
DA:16,0
DA:17,0
DA:18,0
DA:19,0
DA:20,0
DA:21,0
DA:22,0
DA:23,0
DA:24,0
DA:25,0
DA:26,0
DA:27,0
DA:28,0
DA:29,0
DA:30,0
DA:31,0
DA:32,1
DA:33,3
DA:34,3
DA:35,3
DA:36,3
DA:37,0
DA:38,0
DA:39,0
DA:40,0
DA:41,0
DA:42,0
DA:43,0
DA:44,0
DA:45,0
DA:46,0
DA:47,0
DA:48,0
DA:49,0
DA:50,0
DA:51,3
DA:52,3
DA:53,3
DA:54,0
DA:55,0
DA:56,0
DA:57,0
DA:58,0
DA:59,0
DA:60,0
DA:61,0
DA:62,0
DA:63,3
DA:64,0
DA:65,0
DA:66,0
DA:67,0
DA:68,0
DA:69,0
DA:70,0
DA:71,0
DA:72,0
DA:73,3
DA:74,3
DA:75,3
DA:76,3
DA:77,0
DA:78,0
DA:79,0
DA:80,0
DA:81,0
DA:82,0
DA:83,0
DA:84,0
DA:85,0
DA:86,3
DA:87,3
DA:88,3
DA:89,3
DA:90,0
DA:91,0
DA:92,0
DA:93,0
DA:94,0
DA:95,0
DA:96,0
DA:97,0
DA:98,0
DA:99,3
DA:100,3
DA:101,3
DA:102,0
DA:103,0
DA:104,0
DA:105,0
DA:106,0
DA:107,0
DA:108,0
DA:109,0
DA:110,0
DA:111,0
DA:112,3
DA:113,3
DA:114,3
DA:115,0
DA:116,0
DA:117,3
DA:118,3
DA:119,0
DA:120,0
DA:121,3
DA:122,3
DA:123,3
DA:124,0
DA:125,0
DA:126,0
DA:127,0
DA:128,0
DA:129,0
DA:130,0
DA:131,0
DA:132,3
DA:133,3
DA:134,0
DA:135,0
DA:136,0
DA:137,0
DA:138,0
DA:139,0
DA:140,0
DA:141,0
DA:142,0
DA:143,0
DA:144,0
DA:145,0
DA:146,0
DA:147,3
DA:148,0
DA:149,0
DA:150,0
DA:151,0
DA:152,0
DA:153,0
DA:154,0
DA:155,0
DA:156,3
DA:157,3
DA:158,0
DA:159,0
DA:160,0
DA:161,0
DA:162,0
DA:163,0
DA:164,0
DA:165,0
DA:166,0
DA:167,0
DA:168,0
DA:169,0
DA:170,0
DA:171,0
DA:172,0
DA:173,0
DA:174,0
DA:175,0
DA:176,0
DA:177,0
DA:178,0
DA:179,0
DA:180,0
DA:181,0
DA:182,0
DA:183,0
DA:184,0
DA:185,0
DA:186,0
DA:187,0
DA:188,0
DA:189,0
DA:190,0
DA:191,0
DA:192,0
DA:193,0
DA:194,0
DA:195,0
DA:196,0
DA:197,0
DA:198,0
DA:199,0
DA:200,0
DA:201,0
DA:202,3
DA:203,3
DA:204,0
DA:205,0
DA:206,0
DA:207,0
DA:208,0
DA:209,0
DA:210,0
DA:211,0
DA:212,0
DA:213,0
DA:214,0
DA:215,0
DA:216,0
DA:217,0
DA:218,0
DA:219,0
DA:220,0
DA:221,0
DA:222,0
DA:223,0
DA:224,0
DA:225,3
DA:226,3
DA:227,0
DA:228,0
DA:229,0
DA:230,0
DA:231,0
DA:232,0
DA:233,0
DA:234,0
DA:235,0
DA:236,0
DA:237,0
DA:238,0
DA:239,0
DA:240,0
DA:241,0
DA:242,0
DA:243,0
DA:244,0
DA:245,0
DA:246,0
DA:247,0
DA:248,3
DA:249,3
DA:250,3
DA:251,0
DA:252,0
DA:253,0
DA:254,0
DA:255,0
DA:256,0
DA:257,0
DA:258,0
DA:259,0
DA:260,0
DA:261,0
DA:262,0
DA:263,0
DA:264,0
DA:265,0
DA:266,0
DA:267,0
DA:268,0
DA:269,0
DA:270,0
DA:271,0
DA:272,0
DA:273,0
DA:274,0
DA:275,0
DA:276,0
DA:277,0
DA:278,0
DA:279,0
DA:280,0
DA:281,0
DA:282,0
DA:283,3
DA:284,3
DA:285,0
DA:286,0
DA:287,0
DA:288,0
DA:289,0
DA:290,0
DA:291,0
DA:292,0
DA:293,0
DA:294,0
DA:295,0
DA:296,0
DA:297,0
DA:298,0
DA:299,0
DA:300,0
DA:301,0
DA:302,0
DA:303,0
DA:304,0
DA:305,0
DA:306,0
DA:307,0
DA:308,0
DA:309,0
DA:310,0
DA:311,0
DA:312,0
DA:313,3
DA:314,3
DA:315,0
DA:316,0
DA:317,0
DA:318,0
DA:319,0
DA:320,0
DA:321,0
DA:322,0
DA:323,0
DA:324,0
DA:325,0
DA:326,0
DA:327,0
DA:328,0
DA:329,0
DA:330,3
DA:331,0
DA:332,0
DA:333,0
DA:334,0
DA:335,0
DA:336,0
DA:337,0
DA:338,0
DA:339,0
DA:340,0
DA:341,0
DA:342,0
DA:343,0
DA:344,0
DA:345,3
DA:346,3
DA:347,3
DA:348,3
DA:349,3
DA:350,3
DA:351,3
DA:352,3
DA:353,3
DA:354,3
DA:355,3
DA:356,3
DA:357,3
DA:358,3
DA:359,3
DA:360,3
DA:361,3
DA:362,3
DA:363,3
DA:364,3
DA:365,3
DA:366,3
DA:367,3
LF:367
LH:81
BRDA:1,0,0,3
BRDA:1,1,0,3
BRDA:8,2,0,1
BRDA:14,3,0,0
BRF:4
BRH:3
end_of_record
TN:
SF:services\sensoreService.js
FN:2,Object.<anonymous>
FN:12,getAllSensoriFromArea
FN:22,getNumeroSensori
FN:27,aggiungiSensore
FN:47,modificaSensore
FN:93,getNumeroSensoriAreaCount
FN:103,eliminaSensore
FN:113,getOneSensore
FNF:8
FNH:1
FNDA:3,Object.<anonymous>
FNDA:0,getAllSensoriFromArea
FNDA:0,getNumeroSensori
FNDA:0,aggiungiSensore
FNDA:0,modificaSensore
FNDA:0,getNumeroSensoriAreaCount
FNDA:0,eliminaSensore
FNDA:0,getOneSensore
DA:1,1
DA:2,3
DA:3,3
DA:4,3
DA:5,3
DA:6,3
DA:7,3
DA:8,3
DA:9,3
DA:10,3
DA:11,3
DA:12,3
DA:13,0
DA:14,0
DA:15,0
DA:16,0
DA:17,0
DA:18,0
DA:19,0
DA:20,3
DA:21,3
DA:22,3
DA:23,0
DA:24,0
DA:25,3
DA:26,3
DA:27,3
DA:28,0
DA:29,0
DA:30,0
DA:31,0
DA:32,0
DA:33,0
DA:34,0
DA:35,0
DA:36,0
DA:37,0
DA:38,0
DA:39,0
DA:40,0
DA:41,0
DA:42,0
DA:43,0
DA:44,0
DA:45,3
DA:46,3
DA:47,3
DA:48,0
DA:49,0
DA:50,0
DA:51,0
DA:52,0
DA:53,0
DA:54,0
DA:55,0
DA:56,0
DA:57,0
DA:58,0
DA:59,0
DA:60,0
DA:61,0
DA:62,0
DA:63,0
DA:64,0
DA:65,0
DA:66,0
DA:67,0
DA:68,0
DA:69,0
DA:70,0
DA:71,0
DA:72,0
DA:73,0
DA:74,0
DA:75,0
DA:76,0
DA:77,0
DA:78,0
DA:79,0
DA:80,0
DA:81,0
DA:82,0
DA:83,0
DA:84,0
DA:85,0
DA:86,0
DA:87,0
DA:88,0
DA:89,0
DA:90,0
DA:91,0
DA:92,3
DA:93,3
DA:94,0
DA:95,0
DA:96,0
DA:97,0
DA:98,0
DA:99,0
DA:100,0
DA:101,3
DA:102,3
DA:103,3
DA:104,0
DA:105,0
DA:106,0
DA:107,0
DA:108,0
DA:109,0
DA:110,0
DA:111,0
DA:112,3
DA:113,3
DA:114,0
DA:115,0
DA:116,3
DA:117,3
DA:118,3
DA:119,3
DA:120,3
DA:121,3
DA:122,3
DA:123,3
DA:124,3
DA:125,3
LF:125
LH:38
BRDA:2,0,0,3
BRDA:2,1,0,3
BRF:2
BRH:2
end_of_record
