TN:
SF:config.js
FN:1,Object.<anonymous>
FNF:1
FNH:1
FNDA:4,Object.<anonymous>
DA:1,4
DA:2,4
DA:3,4
DA:4,4
DA:5,4
DA:6,4
DA:7,4
DA:8,4
DA:9,4
DA:10,4
DA:11,4
DA:12,4
DA:13,4
LF:13
LH:13
BRDA:1,0,0,4
BRDA:1,1,0,4
BRF:2
BRH:2
end_of_record
TN:
SF:server.js
FN:1,Object.<anonymous>
FN:11,createServer
FNF:2
FNH:2
FNDA:4,Object.<anonymous>
FNDA:4,createServer
DA:1,4
DA:2,4
DA:3,4
DA:4,4
DA:5,4
DA:6,4
DA:7,4
DA:8,4
DA:9,4
DA:10,4
DA:11,4
DA:12,4
DA:13,4
DA:14,4
DA:15,4
DA:16,4
DA:17,4
DA:18,4
DA:19,4
DA:20,4
DA:21,4
DA:22,4
DA:23,4
DA:24,4
DA:25,4
LF:25
LH:25
BRDA:1,0,0,4
BRDA:1,1,0,4
BRDA:11,2,0,4
BRF:3
BRH:3
end_of_record
TN:
SF:controllers\areaController.js
FN:1,Object.<anonymous>
FN:3,getAllAree
FN:12,getNumeroAree
FN:23,getIDAreeMax
FN:32,getFiveAree
FN:41,getOneArea
FN:62,aumentaLuminositaArea
FN:83,diminuisciLuminositaArea
FN:106,aggiungiArea
FN:123,modificaArea
FN:154,eliminaArea
FN:176,cambiaModalitaArea
FN:197,accendiArea
FN:219,accendiAllAree
FN:229,spegniAllAree
FN:239,spegniArea
FNF:16
FNH:9
FNDA:4,Object.<anonymous>
FNDA:1,getAllAree
FNDA:1,getNumeroAree
FNDA:0,getIDAreeMax
FNDA:1,getFiveAree
FNDA:1,getOneArea
FNDA:0,aumentaLuminositaArea
FNDA:0,diminuisciLuminositaArea
FNDA:1,aggiungiArea
FNDA:1,modificaArea
FNDA:1,eliminaArea
FNDA:1,cambiaModalitaArea
FNDA:0,accendiArea
FNDA:0,accendiAllAree
FNDA:0,spegniAllAree
FNDA:0,spegniArea
DA:1,4
DA:2,4
DA:3,4
DA:4,1
DA:5,1
DA:6,1
DA:7,1
DA:8,0
DA:9,0
DA:10,0
DA:11,4
DA:12,4
DA:13,1
DA:14,1
DA:15,1
DA:16,1
DA:17,0
DA:18,0
DA:19,0
DA:20,1
DA:21,4
DA:22,4
DA:23,4
DA:24,0
DA:25,0
DA:26,0
DA:27,0
DA:28,0
DA:29,0
DA:30,0
DA:31,4
DA:32,4
DA:33,1
DA:34,1
DA:35,1
DA:36,1
DA:37,0
DA:38,0
DA:39,0
DA:40,4
DA:41,4
DA:42,1
DA:43,1
DA:44,1
DA:45,1
DA:46,0
DA:47,0
DA:48,0
DA:49,0
DA:50,0
DA:51,0
DA:52,0
DA:53,1
DA:54,1
DA:55,1
DA:56,1
DA:57,0
DA:58,0
DA:59,0
DA:60,0
DA:61,4
DA:62,4
DA:63,0
DA:64,0
DA:65,0
DA:66,0
DA:67,0
DA:68,0
DA:69,0
DA:70,0
DA:71,0
DA:72,0
DA:73,0
DA:74,0
DA:75,0
DA:76,0
DA:77,0
DA:78,0
DA:79,0
DA:80,0
DA:81,0
DA:82,4
DA:83,4
DA:84,0
DA:85,0
DA:86,0
DA:87,0
DA:88,0
DA:89,0
DA:90,0
DA:91,0
DA:92,0
DA:93,0
DA:94,0
DA:95,0
DA:96,0
DA:97,0
DA:98,0
DA:99,0
DA:100,0
DA:101,0
DA:102,0
DA:103,4
DA:104,4
DA:105,4
DA:106,4
DA:107,1
DA:108,1
DA:109,1
DA:110,1
DA:111,1
DA:112,1
DA:113,1
DA:114,1
DA:115,1
DA:116,1
DA:117,1
DA:118,0
DA:119,0
DA:120,0
DA:121,4
DA:122,4
DA:123,4
DA:124,1
DA:125,1
DA:126,1
DA:127,1
DA:128,1
DA:129,1
DA:130,1
DA:131,1
DA:132,1
DA:133,1
DA:134,1
DA:135,1
DA:136,0
DA:137,0
DA:138,0
DA:139,0
DA:140,0
DA:141,0
DA:142,0
DA:143,1
DA:144,1
DA:145,1
DA:146,1
DA:147,1
DA:148,0
DA:149,0
DA:150,0
DA:151,1
DA:152,1
DA:153,4
DA:154,4
DA:155,1
DA:156,1
DA:157,1
DA:158,1
DA:159,0
DA:160,0
DA:161,0
DA:162,0
DA:163,0
DA:164,0
DA:165,0
DA:166,1
DA:167,1
DA:168,1
DA:169,1
DA:170,0
DA:171,0
DA:172,0
DA:173,1
DA:174,4
DA:175,4
DA:176,4
DA:177,1
DA:178,1
DA:179,1
DA:180,1
DA:181,0
DA:182,0
DA:183,0
DA:184,0
DA:185,0
DA:186,0
DA:187,0
DA:188,1
DA:189,1
DA:190,1
DA:191,1
DA:192,0
DA:193,0
DA:194,0
DA:195,1
DA:196,4
DA:197,4
DA:198,0
DA:199,0
DA:200,0
DA:201,0
DA:202,0
DA:203,0
DA:204,0
DA:205,0
DA:206,0
DA:207,0
DA:208,0
DA:209,0
DA:210,0
DA:211,0
DA:212,0
DA:213,0
DA:214,0
DA:215,0
DA:216,0
DA:217,4
DA:218,4
DA:219,4
DA:220,0
DA:221,0
DA:222,0
DA:223,0
DA:224,0
DA:225,0
DA:226,0
DA:227,0
DA:228,4
DA:229,4
DA:230,0
DA:231,0
DA:232,0
DA:233,0
DA:234,0
DA:235,0
DA:236,0
DA:237,0
DA:238,4
DA:239,4
DA:240,0
DA:241,0
DA:242,0
DA:243,0
DA:244,0
DA:245,0
DA:246,0
DA:247,0
DA:248,0
DA:249,0
DA:250,0
DA:251,0
DA:252,0
DA:253,0
DA:254,0
DA:255,0
DA:256,0
DA:257,0
DA:258,0
DA:259,4
DA:260,4
DA:261,4
DA:262,4
DA:263,4
DA:264,4
DA:265,4
DA:266,4
DA:267,4
DA:268,4
DA:269,4
DA:270,4
DA:271,4
DA:272,4
DA:273,4
DA:274,4
DA:275,4
DA:276,4
DA:277,4
DA:278,4
DA:279,4
DA:280,4
LF:280
LH:128
BRDA:1,0,0,4
BRDA:1,1,0,4
BRDA:3,2,0,1
BRDA:7,3,0,0
BRDA:12,4,0,1
BRDA:16,5,0,0
BRDA:32,6,0,1
BRDA:36,7,0,0
BRDA:41,8,0,1
BRDA:45,9,0,0
BRDA:56,10,0,0
BRDA:106,11,0,1
BRDA:117,12,0,0
BRDA:123,13,0,1
BRDA:135,14,0,0
BRDA:147,15,0,0
BRDA:154,16,0,1
BRDA:158,17,0,0
BRDA:169,18,0,0
BRDA:176,19,0,1
BRDA:180,20,0,0
BRDA:191,21,0,0
BRF:22
BRH:10
end_of_record
TN:
SF:controllers\authenticationController.js
FN:1,Object.<anonymous>
FN:4,login
FNF:2
FNH:1
FNDA:4,Object.<anonymous>
FNDA:0,login
DA:1,4
DA:2,4
DA:3,4
DA:4,4
DA:5,0
DA:6,0
DA:7,0
DA:8,0
DA:9,0
DA:10,0
DA:11,0
DA:12,0
DA:13,0
DA:14,0
DA:15,0
DA:16,0
DA:17,0
DA:18,0
DA:19,0
DA:20,0
DA:21,4
DA:22,4
DA:23,4
DA:24,4
DA:25,4
DA:26,4
DA:27,4
DA:28,4
DA:29,4
DA:30,4
DA:31,4
DA:32,4
DA:33,4
DA:34,4
DA:35,4
DA:36,4
LF:36
LH:20
BRDA:1,0,0,4
BRDA:1,1,0,4
BRF:2
BRH:2
end_of_record
TN:
SF:controllers\guastoController.js
FN:1,Object.<anonymous>
FN:3,getAllGuastiAperti
FN:13,getAllGuastiChiusi
FN:24,getNumeroGuasti
FN:35,getOneGuasto
FN:58,chiudiGuasto
FN:79,modificaGuasto
FN:101,aggiungiGuasto
FNF:8
FNH:4
FNDA:4,Object.<anonymous>
FNDA:1,getAllGuastiAperti
FNDA:1,getAllGuastiChiusi
FNDA:3,getNumeroGuasti
FNDA:0,getOneGuasto
FNDA:0,chiudiGuasto
FNDA:0,modificaGuasto
FNDA:0,aggiungiGuasto
DA:1,4
DA:2,4
DA:3,4
DA:4,1
DA:5,1
DA:6,1
DA:7,1
DA:8,0
DA:9,0
DA:10,0
DA:11,4
DA:12,4
DA:13,4
DA:14,1
DA:15,1
DA:16,1
DA:17,1
DA:18,0
DA:19,0
DA:20,0
DA:21,4
DA:22,4
DA:23,4
DA:24,4
DA:25,3
DA:26,3
DA:27,2
DA:28,3
DA:29,1
DA:30,1
DA:31,1
DA:32,3
DA:33,4
DA:34,4
DA:35,4
DA:36,0
DA:37,0
DA:38,0
DA:39,0
DA:40,0
DA:41,0
DA:42,0
DA:43,0
DA:44,0
DA:45,0
DA:46,0
DA:47,0
DA:48,0
DA:49,0
DA:50,0
DA:51,0
DA:52,0
DA:53,0
DA:54,0
DA:55,4
DA:56,4
DA:57,4
DA:58,4
DA:59,0
DA:60,0
DA:61,0
DA:62,0
DA:63,0
DA:64,0
DA:65,0
DA:66,0
DA:67,0
DA:68,0
DA:69,0
DA:70,0
DA:71,0
DA:72,0
DA:73,0
DA:74,0
DA:75,0
DA:76,0
DA:77,0
DA:78,4
DA:79,4
DA:80,0
DA:81,0
DA:82,0
DA:83,0
DA:84,0
DA:85,0
DA:86,0
DA:87,0
DA:88,0
DA:89,0
DA:90,0
DA:91,0
DA:92,0
DA:93,0
DA:94,0
DA:95,0
DA:96,0
DA:97,0
DA:98,0
DA:99,0
DA:100,4
DA:101,4
DA:102,0
DA:103,0
DA:104,0
DA:105,0
DA:106,0
DA:107,0
DA:108,0
DA:109,0
DA:110,0
DA:111,0
DA:112,0
DA:113,0
DA:114,4
DA:115,4
DA:116,4
DA:117,4
DA:118,4
DA:119,4
DA:120,4
DA:121,4
DA:122,4
DA:123,4
DA:124,4
LF:124
LH:48
BRDA:1,0,0,4
BRDA:1,1,0,4
BRDA:3,2,0,1
BRDA:7,3,0,0
BRDA:13,4,0,1
BRDA:17,5,0,0
BRDA:24,6,0,3
BRDA:27,7,0,2
BRDA:28,8,0,1
BRF:9
BRH:7
end_of_record
TN:
SF:controllers\lampioneController.js
FN:1,Object.<anonymous>
FN:3,getAllLampsFromArea
FN:24,getAllLampsFromAreaCount
FN:37,getNumeroLampioni
FN:49,eliminaLampione
FN:70,aggiungiLampione
FN:86,getOneLampione
FN:108,modificaLampione
FN:138,accendiLampioniArea
FN:165,spegniLampioniArea
FN:191,accendiLampione
FN:214,spegniLampione
FNF:12
FNH:3
FNDA:4,Object.<anonymous>
FNDA:1,getAllLampsFromArea
FNDA:0,getAllLampsFromAreaCount
FNDA:2,getNumeroLampioni
FNDA:0,eliminaLampione
FNDA:0,aggiungiLampione
FNDA:0,getOneLampione
FNDA:0,modificaLampione
FNDA:0,accendiLampioniArea
FNDA:0,spegniLampioniArea
FNDA:0,accendiLampione
FNDA:0,spegniLampione
DA:1,4
DA:2,4
DA:3,4
DA:4,1
DA:5,1
DA:6,1
DA:7,1
DA:8,0
DA:9,0
DA:10,0
DA:11,0
DA:12,0
DA:13,0
DA:14,0
DA:15,1
DA:16,1
DA:17,1
DA:18,1
DA:19,0
DA:20,0
DA:21,0
DA:22,1
DA:23,4
DA:24,4
DA:25,0
DA:26,0
DA:27,0
DA:28,0
DA:29,0
DA:30,0
DA:31,0
DA:32,0
DA:33,0
DA:34,0
DA:35,4
DA:36,4
DA:37,4
DA:38,2
DA:39,2
DA:40,2
DA:41,1
DA:42,1
DA:43,1
DA:44,1
DA:45,1
DA:46,2
DA:47,4
DA:48,4
DA:49,4
DA:50,0
DA:51,0
DA:52,0
DA:53,0
DA:54,0
DA:55,0
DA:56,0
DA:57,0
DA:58,0
DA:59,0
DA:60,0
DA:61,0
DA:62,0
DA:63,0
DA:64,0
DA:65,0
DA:66,0
DA:67,0
DA:68,0
DA:69,0
DA:70,4
DA:71,0
DA:72,0
DA:73,0
DA:74,0
DA:75,0
DA:76,0
DA:77,0
DA:78,0
DA:79,0
DA:80,0
DA:81,0
DA:82,0
DA:83,0
DA:84,0
DA:85,4
DA:86,4
DA:87,0
DA:88,0
DA:89,0
DA:90,0
DA:91,0
DA:92,0
DA:93,0
DA:94,0
DA:95,0
DA:96,0
DA:97,0
DA:98,0
DA:99,0
DA:100,0
DA:101,0
DA:102,0
DA:103,0
DA:104,0
DA:105,0
DA:106,4
DA:107,4
DA:108,4
DA:109,0
DA:110,0
DA:111,0
DA:112,0
DA:113,0
DA:114,0
DA:115,0
DA:116,0
DA:117,0
DA:118,0
DA:119,0
DA:120,0
DA:121,0
DA:122,0
DA:123,0
DA:124,0
DA:125,0
DA:126,0
DA:127,0
DA:128,0
DA:129,0
DA:130,0
DA:131,0
DA:132,0
DA:133,0
DA:134,0
DA:135,0
DA:136,0
DA:137,4
DA:138,4
DA:139,0
DA:140,0
DA:141,0
DA:142,0
DA:143,0
DA:144,0
DA:145,0
DA:146,0
DA:147,0
DA:148,0
DA:149,0
DA:150,0
DA:151,0
DA:152,0
DA:153,0
DA:154,0
DA:155,0
DA:156,0
DA:157,0
DA:158,0
DA:159,0
DA:160,0
DA:161,0
DA:162,0
DA:163,4
DA:164,4
DA:165,4
DA:166,0
DA:167,0
DA:168,0
DA:169,0
DA:170,0
DA:171,0
DA:172,0
DA:173,0
DA:174,0
DA:175,0
DA:176,0
DA:177,0
DA:178,0
DA:179,0
DA:180,0
DA:181,0
DA:182,0
DA:183,0
DA:184,0
DA:185,0
DA:186,0
DA:187,0
DA:188,0
DA:189,0
DA:190,4
DA:191,4
DA:192,0
DA:193,0
DA:194,0
DA:195,0
DA:196,0
DA:197,0
DA:198,0
DA:199,0
DA:200,0
DA:201,0
DA:202,0
DA:203,0
DA:204,0
DA:205,0
DA:206,0
DA:207,0
DA:208,0
DA:209,0
DA:210,0
DA:211,0
DA:212,0
DA:213,4
DA:214,4
DA:215,0
DA:216,0
DA:217,0
DA:218,0
DA:219,0
DA:220,0
DA:221,0
DA:222,0
DA:223,0
DA:224,0
DA:225,0
DA:226,0
DA:227,0
DA:228,0
DA:229,0
DA:230,0
DA:231,0
DA:232,0
DA:233,0
DA:234,0
DA:235,0
DA:236,4
DA:237,4
DA:238,4
DA:239,4
DA:240,4
DA:241,4
DA:242,4
DA:243,4
DA:244,4
DA:245,4
DA:246,4
DA:247,4
DA:248,4
LF:248
LH:57
BRDA:1,0,0,4
BRDA:1,1,0,4
BRDA:3,2,0,1
BRDA:7,3,0,0
BRDA:18,4,0,0
BRDA:37,5,0,2
BRDA:41,6,0,1
BRF:7
BRH:5
end_of_record
TN:
SF:controllers\sensoreController.js
FN:1,Object.<anonymous>
FN:2,getAllSensoriFromArea
FN:23,getNumeroSensoriAreaCount
FN:38,getNumeroSensori
FN:50,eliminaSensore
FN:70,aggiungiSensore
FN:86,modificaSensore
FN:106,getOneSensore
FNF:8
FNH:2
FNDA:4,Object.<anonymous>
FNDA:0,getAllSensoriFromArea
FNDA:0,getNumeroSensoriAreaCount
FNDA:1,getNumeroSensori
FNDA:0,eliminaSensore
FNDA:0,aggiungiSensore
FNDA:0,modificaSensore
FNDA:0,getOneSensore
DA:1,4
DA:2,4
DA:3,0
DA:4,0
DA:5,0
DA:6,0
DA:7,0
DA:8,0
DA:9,0
DA:10,0
DA:11,0
DA:12,0
DA:13,0
DA:14,0
DA:15,0
DA:16,0
DA:17,0
DA:18,0
DA:19,0
DA:20,0
DA:21,0
DA:22,4
DA:23,4
DA:24,0
DA:25,0
DA:26,0
DA:27,0
DA:28,0
DA:29,0
DA:30,0
DA:31,0
DA:32,0
DA:33,0
DA:34,4
DA:35,4
DA:36,4
DA:37,4
DA:38,4
DA:39,1
DA:40,1
DA:41,1
DA:42,1
DA:43,0
DA:44,0
DA:45,0
DA:46,1
DA:47,4
DA:48,4
DA:49,4
DA:50,4
DA:51,0
DA:52,0
DA:53,0
DA:54,0
DA:55,0
DA:56,0
DA:57,0
DA:58,0
DA:59,0
DA:60,0
DA:61,0
DA:62,0
DA:63,0
DA:64,0
DA:65,0
DA:66,0
DA:67,0
DA:68,0
DA:69,0
DA:70,4
DA:71,0
DA:72,0
DA:73,0
DA:74,0
DA:75,0
DA:76,0
DA:77,0
DA:78,0
DA:79,0
DA:80,0
DA:81,0
DA:82,0
DA:83,0
DA:84,4
DA:85,4
DA:86,4
DA:87,0
DA:88,0
DA:89,0
DA:90,0
DA:91,0
DA:92,0
DA:93,0
DA:94,0
DA:95,0
DA:96,0
DA:97,0
DA:98,0
DA:99,0
DA:100,0
DA:101,0
DA:102,0
DA:103,0
DA:104,4
DA:105,4
DA:106,4
DA:107,0
DA:108,0
DA:109,0
DA:110,0
DA:111,0
DA:112,0
DA:113,0
DA:114,0
DA:115,0
DA:116,0
DA:117,0
DA:118,0
DA:119,0
DA:120,0
DA:121,0
DA:122,0
DA:123,0
DA:124,0
DA:125,0
DA:126,4
DA:127,4
DA:128,4
DA:129,4
DA:130,4
DA:131,4
DA:132,4
DA:133,4
DA:134,4
DA:135,4
LF:135
LH:35
BRDA:1,0,0,4
BRDA:1,1,0,4
BRDA:38,2,0,1
BRDA:42,3,0,0
BRF:4
BRH:3
end_of_record
TN:
SF:models\amministratoreModel.js
FN:2,Object.<anonymous>
FN:3,Object.<anonymous>.module.exports
FNF:2
FNH:2
FNDA:4,Object.<anonymous>
FNDA:4,Object.<anonymous>.module.exports
DA:1,1
DA:2,4
DA:3,4
DA:4,4
DA:5,4
DA:6,4
DA:7,4
DA:8,4
DA:9,4
DA:10,4
DA:11,4
DA:12,4
DA:13,4
DA:14,4
DA:15,4
DA:16,4
DA:17,4
DA:18,4
DA:19,4
DA:20,4
DA:21,4
DA:22,4
DA:23,4
DA:24,4
DA:25,4
DA:26,4
DA:27,4
DA:28,4
DA:29,4
LF:29
LH:29
BRDA:2,0,0,4
BRDA:2,1,0,4
BRDA:3,2,0,4
BRF:3
BRH:3
end_of_record
TN:
SF:models\areeModel.js
FN:1,Object.<anonymous>
FN:1,Object.<anonymous>.module.exports
FNF:2
FNH:2
FNDA:4,Object.<anonymous>
FNDA:4,Object.<anonymous>.module.exports
DA:1,4
DA:2,4
DA:3,4
DA:4,4
DA:5,4
DA:6,4
DA:7,4
DA:8,4
DA:9,4
DA:10,4
DA:11,4
DA:12,4
DA:13,4
DA:14,4
DA:15,4
DA:16,4
DA:17,4
DA:18,4
DA:19,4
DA:20,4
DA:21,4
DA:22,4
DA:23,4
DA:24,4
DA:25,4
DA:26,4
DA:27,4
DA:28,4
DA:29,4
DA:30,4
DA:31,4
DA:32,4
DA:33,4
DA:34,4
DA:35,4
DA:36,4
DA:37,4
DA:38,4
DA:39,4
DA:40,4
DA:41,4
DA:42,4
DA:43,4
DA:44,4
DA:45,4
LF:45
LH:45
BRDA:1,0,0,4
BRDA:1,1,0,4
BRDA:1,2,0,4
BRF:3
BRH:3
end_of_record
TN:
SF:models\guastiModel.js
FN:1,Object.<anonymous>
FN:1,Object.<anonymous>.module.exports
FNF:2
FNH:2
FNDA:4,Object.<anonymous>
FNDA:4,Object.<anonymous>.module.exports
DA:1,4
DA:2,4
DA:3,4
DA:4,4
DA:5,4
DA:6,4
DA:7,4
DA:8,4
DA:9,4
DA:10,4
DA:11,4
DA:12,4
DA:13,4
DA:14,4
DA:15,4
DA:16,4
DA:17,4
DA:18,4
DA:19,4
DA:20,4
DA:21,4
DA:22,4
DA:23,4
DA:24,4
DA:25,4
DA:26,4
DA:27,4
DA:28,4
DA:29,4
DA:30,4
DA:31,4
DA:32,4
DA:33,4
DA:34,4
DA:35,4
DA:36,4
DA:37,4
DA:38,4
DA:39,4
DA:40,4
DA:41,4
DA:42,4
DA:43,4
LF:43
LH:43
BRDA:1,0,0,4
BRDA:1,1,0,4
BRDA:1,2,0,4
BRF:3
BRH:3
end_of_record
TN:
SF:models\index.js
FN:1,Object.<anonymous>
FNF:1
FNH:1
FNDA:4,Object.<anonymous>
DA:1,4
DA:2,4
DA:3,4
DA:4,4
DA:5,4
DA:6,4
DA:7,4
DA:8,4
DA:9,4
DA:10,4
DA:11,4
DA:12,4
DA:13,4
DA:14,4
DA:15,4
DA:16,4
DA:17,4
DA:18,4
DA:19,4
DA:20,4
DA:21,4
DA:22,4
DA:23,4
DA:24,4
DA:25,4
DA:26,4
DA:27,4
DA:28,4
DA:29,4
DA:30,4
DA:31,4
DA:32,4
DA:33,4
DA:34,4
DA:35,4
LF:35
LH:35
BRDA:1,0,0,4
BRDA:1,1,0,4
BRF:2
BRH:2
end_of_record
TN:
SF:models\lampioniModel.js
FN:1,Object.<anonymous>
FN:1,Object.<anonymous>.module.exports
FNF:2
FNH:2
FNDA:4,Object.<anonymous>
FNDA:4,Object.<anonymous>.module.exports
DA:1,4
DA:2,4
DA:3,4
DA:4,4
DA:5,4
DA:6,4
DA:7,4
DA:8,4
DA:9,4
DA:10,4
DA:11,4
DA:12,4
DA:13,4
DA:14,4
DA:15,4
DA:16,4
DA:17,4
DA:18,4
DA:19,4
DA:20,4
DA:21,4
DA:22,4
DA:23,4
DA:24,4
DA:25,4
DA:26,4
DA:27,4
DA:28,4
DA:29,4
DA:30,4
DA:31,4
DA:32,4
DA:33,4
DA:34,4
DA:35,4
DA:36,4
DA:37,4
DA:38,4
DA:39,4
DA:40,4
DA:41,4
DA:42,4
DA:43,4
DA:44,4
LF:44
LH:44
BRDA:1,0,0,4
BRDA:1,1,0,4
BRDA:1,2,0,4
BRF:3
BRH:3
end_of_record
TN:
SF:models\sensoriModel.js
FN:1,Object.<anonymous>
FN:1,Object.<anonymous>.module.exports
FNF:2
FNH:2
FNDA:4,Object.<anonymous>
FNDA:4,Object.<anonymous>.module.exports
DA:1,4
DA:2,4
DA:3,4
DA:4,4
DA:5,4
DA:6,4
DA:7,4
DA:8,4
DA:9,4
DA:10,4
DA:11,4
DA:12,4
DA:13,4
DA:14,4
DA:15,4
DA:16,4
DA:17,4
DA:18,4
DA:19,4
DA:20,4
DA:21,4
DA:22,4
DA:23,4
DA:24,4
DA:25,4
DA:26,4
DA:27,4
DA:28,4
DA:29,4
DA:30,4
DA:31,4
DA:32,4
DA:33,4
DA:34,4
DA:35,4
DA:36,4
DA:37,4
DA:38,4
DA:39,4
DA:40,4
DA:41,4
DA:42,4
LF:42
LH:42
BRDA:1,0,0,4
BRDA:1,1,0,4
BRDA:1,2,0,4
BRF:3
BRH:3
end_of_record
TN:
SF:routes\areaRoutes.js
FN:1,Object.<anonymous>
FNF:1
FNH:1
FNDA:4,Object.<anonymous>
DA:1,4
DA:2,4
DA:3,4
DA:4,4
DA:5,4
DA:6,4
DA:7,4
DA:8,4
DA:9,4
DA:10,4
DA:11,4
DA:12,4
DA:13,4
DA:14,4
DA:15,4
DA:16,4
DA:17,4
DA:18,4
DA:19,4
DA:20,4
DA:21,4
LF:21
LH:21
BRDA:1,0,0,4
BRDA:1,1,0,4
BRF:2
BRH:2
end_of_record
TN:
SF:routes\authenticationRoutes.js
FN:1,Object.<anonymous>
FNF:1
FNH:1
FNDA:4,Object.<anonymous>
DA:1,4
DA:2,4
DA:3,4
DA:4,4
DA:5,4
DA:6,4
LF:6
LH:6
BRDA:1,0,0,4
BRDA:1,1,0,4
BRF:2
BRH:2
end_of_record
TN:
SF:routes\guastoRoutes.js
FN:1,Object.<anonymous>
FNF:1
FNH:1
FNDA:4,Object.<anonymous>
DA:1,4
DA:2,4
DA:3,4
DA:4,4
DA:5,4
DA:6,4
DA:7,4
DA:8,4
DA:9,4
DA:10,4
DA:11,4
DA:12,4
DA:13,4
DA:14,4
LF:14
LH:14
BRDA:1,0,0,4
BRDA:1,1,0,4
BRF:2
BRH:2
end_of_record
TN:
SF:routes\lampioneRoutes.js
FN:1,Object.<anonymous>
FNF:1
FNH:1
FNDA:4,Object.<anonymous>
DA:1,4
DA:2,4
DA:3,4
DA:4,4
DA:5,4
DA:6,4
DA:7,4
DA:8,4
DA:9,4
DA:10,4
DA:11,4
DA:12,4
DA:13,4
DA:14,4
DA:15,4
DA:16,4
LF:16
LH:16
BRDA:1,0,0,4
BRDA:1,1,0,4
BRF:2
BRH:2
end_of_record
TN:
SF:routes\sensoreRoutes.js
FN:1,Object.<anonymous>
FNF:1
FNH:1
FNDA:4,Object.<anonymous>
DA:1,4
DA:2,4
DA:3,4
DA:4,4
DA:5,4
DA:6,4
DA:7,4
DA:8,4
DA:9,4
DA:10,4
DA:11,4
DA:12,4
DA:13,4
LF:13
LH:13
BRDA:1,0,0,4
BRDA:1,1,0,4
BRF:2
BRH:2
end_of_record
TN:
SF:services\areaService.js
FN:1,Object.<anonymous>
FN:13,checkForUpdate
FN:52,getAllAree
FN:56,getNumeroAree
FN:60,getFiveAree
FN:65,getModalitaArea
FN:74,getOneArea
FN:78,aumentaLuminositaArea
FN:84,diminuisciLuminositaArea
FN:91,getIDAreeMax
FN:102,aggiungiArea
FN:119,modificaArea
FN:168,eliminaArea
FN:213,cambiaModalitaArea
FN:234,accendiArea
FN:250,spegniArea
FN:266,accendiAllAree
FN:281,spegniAllAree
FNF:18
FNH:4
FNDA:4,Object.<anonymous>
FNDA:0,checkForUpdate
FNDA:0,getAllAree
FNDA:1,getNumeroAree
FNDA:1,getFiveAree
FNDA:0,getModalitaArea
FNDA:1,getOneArea
FNDA:0,aumentaLuminositaArea
FNDA:0,diminuisciLuminositaArea
FNDA:0,getIDAreeMax
FNDA:0,aggiungiArea
FNDA:0,modificaArea
FNDA:0,eliminaArea
FNDA:0,cambiaModalitaArea
FNDA:0,accendiArea
FNDA:0,spegniArea
FNDA:0,accendiAllAree
FNDA:0,spegniAllAree
DA:1,4
DA:2,4
DA:3,4
DA:4,4
DA:5,4
DA:6,4
DA:7,4
DA:8,4
DA:9,4
DA:10,4
DA:11,4
DA:12,4
DA:13,4
DA:14,0
DA:15,0
DA:16,0
DA:17,0
DA:18,0
DA:19,0
DA:20,0
DA:21,0
DA:22,0
DA:23,0
DA:24,0
DA:25,0
DA:26,0
DA:27,0
DA:28,0
DA:29,0
DA:30,0
DA:31,0
DA:32,0
DA:33,0
DA:34,0
DA:35,0
DA:36,0
DA:37,0
DA:38,0
DA:39,0
DA:40,0
DA:41,0
DA:42,0
DA:43,0
DA:44,0
DA:45,0
DA:46,0
DA:47,0
DA:48,0
DA:49,4
DA:50,4
DA:51,4
DA:52,4
DA:53,0
DA:54,0
DA:55,4
DA:56,4
DA:57,1
DA:58,1
DA:59,4
DA:60,4
DA:61,1
DA:62,1
DA:63,4
DA:64,4
DA:65,4
DA:66,0
DA:67,0
DA:68,0
DA:69,0
DA:70,0
DA:71,0
DA:72,0
DA:73,4
DA:74,4
DA:75,1
DA:76,1
DA:77,4
DA:78,4
DA:79,0
DA:80,0
DA:81,0
DA:82,0
DA:83,4
DA:84,4
DA:85,0
DA:86,0
DA:87,0
DA:88,0
DA:89,4
DA:90,4
DA:91,4
DA:92,0
DA:93,0
DA:94,0
DA:95,0
DA:96,0
DA:97,0
DA:98,0
DA:99,4
DA:100,4
DA:101,4
DA:102,4
DA:103,0
DA:104,0
DA:105,0
DA:106,0
DA:107,0
DA:108,0
DA:109,0
DA:110,0
DA:111,0
DA:112,0
DA:113,0
DA:114,0
DA:115,0
DA:116,0
DA:117,0
DA:118,4
DA:119,4
DA:120,0
DA:121,0
DA:122,0
DA:123,0
DA:124,0
DA:125,0
DA:126,0
DA:127,0
DA:128,0
DA:129,0
DA:130,0
DA:131,0
DA:132,0
DA:133,0
DA:134,0
DA:135,0
DA:136,0
DA:137,0
DA:138,0
DA:139,0
DA:140,0
DA:141,0
DA:142,0
DA:143,0
DA:144,0
DA:145,0
DA:146,0
DA:147,0
DA:148,0
DA:149,0
DA:150,0
DA:151,0
DA:152,0
DA:153,0
DA:154,0
DA:155,0
DA:156,0
DA:157,0
DA:158,0
DA:159,0
DA:160,0
DA:161,0
DA:162,0
DA:163,0
DA:164,0
DA:165,0
DA:166,0
DA:167,4
DA:168,4
DA:169,0
DA:170,0
DA:171,0
DA:172,0
DA:173,0
DA:174,0
DA:175,0
DA:176,0
DA:177,0
DA:178,0
DA:179,0
DA:180,0
DA:181,0
DA:182,0
DA:183,0
DA:184,0
DA:185,0
DA:186,0
DA:187,0
DA:188,0
DA:189,0
DA:190,0
DA:191,0
DA:192,0
DA:193,0
DA:194,0
DA:195,0
DA:196,0
DA:197,0
DA:198,0
DA:199,0
DA:200,0
DA:201,0
DA:202,0
DA:203,0
DA:204,0
DA:205,0
DA:206,0
DA:207,0
DA:208,0
DA:209,0
DA:210,0
DA:211,0
DA:212,0
DA:213,4
DA:214,0
DA:215,0
DA:216,0
DA:217,0
DA:218,0
DA:219,0
DA:220,0
DA:221,0
DA:222,0
DA:223,0
DA:224,0
DA:225,0
DA:226,0
DA:227,0
DA:228,0
DA:229,0
DA:230,0
DA:231,0
DA:232,0
DA:233,4
DA:234,4
DA:235,0
DA:236,0
DA:237,0
DA:238,0
DA:239,0
DA:240,0
DA:241,0
DA:242,0
DA:243,0
DA:244,0
DA:245,0
DA:246,0
DA:247,0
DA:248,0
DA:249,4
DA:250,4
DA:251,0
DA:252,0
DA:253,0
DA:254,0
DA:255,0
DA:256,0
DA:257,0
DA:258,0
DA:259,0
DA:260,0
DA:261,0
DA:262,0
DA:263,0
DA:264,4
DA:265,4
DA:266,4
DA:267,0
DA:268,0
DA:269,0
DA:270,0
DA:271,0
DA:272,0
DA:273,0
DA:274,0
DA:275,0
DA:276,0
DA:277,0
DA:278,0
DA:279,0
DA:280,4
DA:281,4
DA:282,0
DA:283,0
DA:284,0
DA:285,0
DA:286,0
DA:287,0
DA:288,0
DA:289,0
DA:290,0
DA:291,0
DA:292,0
DA:293,0
DA:294,0
DA:295,0
DA:296,0
DA:297,4
DA:298,4
DA:299,4
DA:300,4
DA:301,4
DA:302,4
DA:303,4
DA:304,4
DA:305,4
DA:306,4
DA:307,4
DA:308,4
DA:309,4
DA:310,4
DA:311,4
DA:312,4
DA:313,4
DA:314,4
DA:315,4
DA:316,4
DA:317,4
DA:318,4
DA:319,4
LF:319
LH:80
BRDA:1,0,0,4
BRDA:1,1,0,4
BRDA:56,2,0,1
BRDA:60,3,0,1
BRDA:74,4,0,1
BRF:5
BRH:5
end_of_record
TN:
SF:services\authenticationService.js
FN:1,Object.<anonymous>
FN:8,login
FNF:2
FNH:1
FNDA:4,Object.<anonymous>
FNDA:0,login
DA:1,4
DA:2,4
DA:3,4
DA:4,4
DA:5,4
DA:6,4
DA:7,4
DA:8,4
DA:9,0
DA:10,0
DA:11,0
DA:12,0
DA:13,0
DA:14,0
DA:15,0
DA:16,0
DA:17,0
DA:18,0
DA:19,0
DA:20,0
DA:21,0
DA:22,0
DA:23,0
DA:24,0
DA:25,0
DA:26,0
DA:27,0
DA:28,0
DA:29,0
DA:30,0
DA:31,0
DA:32,0
DA:33,0
DA:34,0
DA:35,0
DA:36,0
DA:37,4
DA:38,4
DA:39,4
DA:40,4
DA:41,4
DA:42,4
DA:43,4
DA:44,4
DA:45,4
DA:46,4
DA:47,4
DA:48,4
DA:49,4
DA:50,4
DA:51,4
DA:52,4
DA:53,4
DA:54,4
DA:55,4
DA:56,4
DA:57,4
LF:57
LH:29
BRDA:1,0,0,4
BRDA:1,1,0,4
BRF:2
BRH:2
end_of_record
TN:
SF:services\guastoService.js
FN:1,Object.<anonymous>
FN:5,getAllGuastiAperti
FN:28,getAllGuastiChiusi
FN:51,getGuastiForSensoreRotto
FN:68,getNumeroGuasti
FN:73,getOneGuasto
FN:78,chiudiGuasto
FN:103,eliminaGuastiArea
FN:111,eliminaGuasto
FN:127,modificaGuasto
FN:174,aggiungiGuasto
FNF:11
FNH:7
FNDA:4,Object.<anonymous>
FNDA:1,getAllGuastiAperti
FNDA:1,getAllGuastiChiusi
FNDA:1,getGuastiForSensoreRotto
FNDA:1,getNumeroGuasti
FNDA:1,getOneGuasto
FNDA:0,chiudiGuasto
FNDA:1,eliminaGuastiArea
FNDA:0,eliminaGuasto
FNDA:0,modificaGuasto
FNDA:0,aggiungiGuasto
DA:1,4
DA:2,4
DA:3,4
DA:4,4
DA:5,4
DA:6,1
DA:7,1
DA:8,1
DA:9,1
DA:10,1
DA:11,1
DA:12,1
DA:13,1
DA:14,1
DA:15,1
DA:16,1
DA:17,1
DA:18,1
DA:19,1
DA:20,1
DA:21,1
DA:22,1
DA:23,1
DA:24,1
DA:25,4
DA:26,4
DA:27,4
DA:28,4
DA:29,1
DA:30,1
DA:31,1
DA:32,1
DA:33,1
DA:34,1
DA:35,1
DA:36,1
DA:37,1
DA:38,1
DA:39,1
DA:40,1
DA:41,1
DA:42,1
DA:43,1
DA:44,1
DA:45,1
DA:46,1
DA:47,1
DA:48,4
DA:49,4
DA:50,4
DA:51,4
DA:52,1
DA:53,1
DA:54,1
DA:55,1
DA:56,1
DA:57,1
DA:58,1
DA:59,1
DA:60,1
DA:61,1
DA:62,1
DA:63,1
DA:64,1
DA:65,4
DA:66,4
DA:67,4
DA:68,4
DA:69,1
DA:70,1
DA:71,4
DA:72,4
DA:73,4
DA:74,1
DA:75,1
DA:76,4
DA:77,4
DA:78,4
DA:79,0
DA:80,0
DA:81,0
DA:82,0
DA:83,0
DA:84,0
DA:85,0
DA:86,0
DA:87,0
DA:88,0
DA:89,0
DA:90,0
DA:91,0
DA:92,0
DA:93,0
DA:94,0
DA:95,0
DA:96,0
DA:97,0
DA:98,0
DA:99,0
DA:100,0
DA:101,0
DA:102,4
DA:103,4
DA:104,1
DA:105,1
DA:106,1
DA:107,1
DA:108,1
DA:109,1
DA:110,1
DA:111,4
DA:112,0
DA:113,0
DA:114,0
DA:115,0
DA:116,0
DA:117,0
DA:118,0
DA:119,0
DA:120,0
DA:121,0
DA:122,0
DA:123,0
DA:124,0
DA:125,0
DA:126,4
DA:127,4
DA:128,0
DA:129,0
DA:130,0
DA:131,0
DA:132,0
DA:133,0
DA:134,0
DA:135,0
DA:136,0
DA:137,0
DA:138,0
DA:139,0
DA:140,0
DA:141,0
DA:142,0
DA:143,0
DA:144,0
DA:145,0
DA:146,0
DA:147,0
DA:148,0
DA:149,0
DA:150,0
DA:151,0
DA:152,0
DA:153,0
DA:154,0
DA:155,0
DA:156,0
DA:157,0
DA:158,0
DA:159,0
DA:160,0
DA:161,0
DA:162,0
DA:163,0
DA:164,0
DA:165,0
DA:166,0
DA:167,0
DA:168,0
DA:169,0
DA:170,0
DA:171,0
DA:172,0
DA:173,4
DA:174,4
DA:175,0
DA:176,0
DA:177,0
DA:178,0
DA:179,0
DA:180,0
DA:181,0
DA:182,0
DA:183,0
DA:184,0
DA:185,0
DA:186,0
DA:187,0
DA:188,4
DA:189,4
DA:190,4
DA:191,4
DA:192,4
DA:193,4
DA:194,4
DA:195,4
DA:196,4
DA:197,4
DA:198,4
DA:199,4
DA:200,4
LF:200
LH:105
BRDA:1,0,0,4
BRDA:1,1,0,4
BRDA:5,2,0,1
BRDA:28,3,0,1
BRDA:51,4,0,1
BRDA:68,5,0,1
BRDA:73,6,0,1
BRDA:103,7,0,1
BRF:8
BRH:8
end_of_record
TN:
SF:services\lampioneService.js
FN:1,Object.<anonymous>
FN:8,getAllLampsFromArea
FN:36,getLampIDtoPowerOn
FN:53,getBrightnessofArea
FN:63,getBrightnessManualeArea
FN:76,getBrightnessRilevamento
FN:89,getBrightnessofLamp
FN:101,getAllLampsFromAreaCount
FN:114,getOneLampione
FN:118,getNumeroLampioni
FN:123,eliminaLampione
FN:133,aggiungiLampione
FN:147,setStatoSingoloLampione
FN:157,modificaLampione
FN:203,accendiLampioniArea
FN:226,accendiLampioniManualeArea
FN:250,accendiLampioniAreaRilevamento
FN:284,spegniLampioniArea
FN:314,accendiLampione
FN:330,spegniLampione
FNF:20
FNH:3
FNDA:4,Object.<anonymous>
FNDA:1,getAllLampsFromArea
FNDA:1,getLampIDtoPowerOn
FNDA:0,getBrightnessofArea
FNDA:0,getBrightnessManualeArea
FNDA:0,getBrightnessRilevamento
FNDA:0,getBrightnessofLamp
FNDA:0,getAllLampsFromAreaCount
FNDA:0,getOneLampione
FNDA:0,getNumeroLampioni
FNDA:0,eliminaLampione
FNDA:0,aggiungiLampione
FNDA:0,setStatoSingoloLampione
FNDA:0,modificaLampione
FNDA:0,accendiLampioniArea
FNDA:0,accendiLampioniManualeArea
FNDA:0,accendiLampioniAreaRilevamento
FNDA:0,spegniLampioniArea
FNDA:0,accendiLampione
FNDA:0,spegniLampione
DA:1,4
DA:2,4
DA:3,4
DA:4,4
DA:5,4
DA:6,4
DA:7,4
DA:8,4
DA:9,1
DA:10,1
DA:11,1
DA:12,1
DA:13,1
DA:14,1
DA:15,1
DA:16,1
DA:17,1
DA:18,1
DA:19,1
DA:20,1
DA:21,1
DA:22,1
DA:23,1
DA:24,1
DA:25,1
DA:26,1
DA:27,1
DA:28,1
DA:29,1
DA:30,1
DA:31,1
DA:32,1
DA:33,4
DA:34,4
DA:35,4
DA:36,4
DA:37,1
DA:38,1
DA:39,1
DA:40,1
DA:41,1
DA:42,1
DA:43,1
DA:44,1
DA:45,0
DA:46,0
DA:47,0
DA:48,1
DA:49,1
DA:50,1
DA:51,4
DA:52,4
DA:53,4
DA:54,0
DA:55,0
DA:56,0
DA:57,0
DA:58,0
DA:59,0
DA:60,0
DA:61,0
DA:62,0
DA:63,4
DA:64,0
DA:65,0
DA:66,0
DA:67,0
DA:68,0
DA:69,0
DA:70,0
DA:71,0
DA:72,0
DA:73,4
DA:74,4
DA:75,4
DA:76,4
DA:77,0
DA:78,0
DA:79,0
DA:80,0
DA:81,0
DA:82,0
DA:83,0
DA:84,0
DA:85,0
DA:86,4
DA:87,4
DA:88,4
DA:89,4
DA:90,0
DA:91,0
DA:92,0
DA:93,0
DA:94,0
DA:95,0
DA:96,0
DA:97,0
DA:98,0
DA:99,4
DA:100,4
DA:101,4
DA:102,0
DA:103,0
DA:104,0
DA:105,0
DA:106,0
DA:107,0
DA:108,0
DA:109,0
DA:110,0
DA:111,0
DA:112,4
DA:113,4
DA:114,4
DA:115,0
DA:116,0
DA:117,4
DA:118,4
DA:119,0
DA:120,0
DA:121,4
DA:122,4
DA:123,4
DA:124,0
DA:125,0
DA:126,0
DA:127,0
DA:128,0
DA:129,0
DA:130,0
DA:131,0
DA:132,4
DA:133,4
DA:134,0
DA:135,0
DA:136,0
DA:137,0
DA:138,0
DA:139,0
DA:140,0
DA:141,0
DA:142,0
DA:143,0
DA:144,0
DA:145,0
DA:146,0
DA:147,4
DA:148,0
DA:149,0
DA:150,0
DA:151,0
DA:152,0
DA:153,0
DA:154,0
DA:155,0
DA:156,4
DA:157,4
DA:158,0
DA:159,0
DA:160,0
DA:161,0
DA:162,0
DA:163,0
DA:164,0
DA:165,0
DA:166,0
DA:167,0
DA:168,0
DA:169,0
DA:170,0
DA:171,0
DA:172,0
DA:173,0
DA:174,0
DA:175,0
DA:176,0
DA:177,0
DA:178,0
DA:179,0
DA:180,0
DA:181,0
DA:182,0
DA:183,0
DA:184,0
DA:185,0
DA:186,0
DA:187,0
DA:188,0
DA:189,0
DA:190,0
DA:191,0
DA:192,0
DA:193,0
DA:194,0
DA:195,0
DA:196,0
DA:197,0
DA:198,0
DA:199,0
DA:200,0
DA:201,0
DA:202,4
DA:203,4
DA:204,0
DA:205,0
DA:206,0
DA:207,0
DA:208,0
DA:209,0
DA:210,0
DA:211,0
DA:212,0
DA:213,0
DA:214,0
DA:215,0
DA:216,0
DA:217,0
DA:218,0
DA:219,0
DA:220,0
DA:221,0
DA:222,0
DA:223,0
DA:224,0
DA:225,4
DA:226,4
DA:227,0
DA:228,0
DA:229,0
DA:230,0
DA:231,0
DA:232,0
DA:233,0
DA:234,0
DA:235,0
DA:236,0
DA:237,0
DA:238,0
DA:239,0
DA:240,0
DA:241,0
DA:242,0
DA:243,0
DA:244,0
DA:245,0
DA:246,0
DA:247,0
DA:248,4
DA:249,4
DA:250,4
DA:251,0
DA:252,0
DA:253,0
DA:254,0
DA:255,0
DA:256,0
DA:257,0
DA:258,0
DA:259,0
DA:260,0
DA:261,0
DA:262,0
DA:263,0
DA:264,0
DA:265,0
DA:266,0
DA:267,0
DA:268,0
DA:269,0
DA:270,0
DA:271,0
DA:272,0
DA:273,0
DA:274,0
DA:275,0
DA:276,0
DA:277,0
DA:278,0
DA:279,0
DA:280,0
DA:281,0
DA:282,0
DA:283,4
DA:284,4
DA:285,0
DA:286,0
DA:287,0
DA:288,0
DA:289,0
DA:290,0
DA:291,0
DA:292,0
DA:293,0
DA:294,0
DA:295,0
DA:296,0
DA:297,0
DA:298,0
DA:299,0
DA:300,0
DA:301,0
DA:302,0
DA:303,0
DA:304,0
DA:305,0
DA:306,0
DA:307,0
DA:308,0
DA:309,0
DA:310,0
DA:311,0
DA:312,0
DA:313,4
DA:314,4
DA:315,0
DA:316,0
DA:317,0
DA:318,0
DA:319,0
DA:320,0
DA:321,0
DA:322,0
DA:323,0
DA:324,0
DA:325,0
DA:326,0
DA:327,0
DA:328,0
DA:329,0
DA:330,4
DA:331,0
DA:332,0
DA:333,0
DA:334,0
DA:335,0
DA:336,0
DA:337,0
DA:338,0
DA:339,0
DA:340,0
DA:341,0
DA:342,0
DA:343,0
DA:344,0
DA:345,4
DA:346,4
DA:347,4
DA:348,4
DA:349,4
DA:350,4
DA:351,4
DA:352,4
DA:353,4
DA:354,4
DA:355,4
DA:356,4
DA:357,4
DA:358,4
DA:359,4
DA:360,4
DA:361,4
DA:362,4
DA:363,4
DA:364,4
DA:365,4
DA:366,4
DA:367,4
LF:367
LH:110
BRDA:1,0,0,4
BRDA:1,1,0,4
BRDA:8,2,0,1
BRDA:36,3,0,1
BRDA:44,4,0,0
BRF:5
BRH:4
end_of_record
TN:
SF:services\sensoreService.js
FN:2,Object.<anonymous>
FN:12,getAllSensoriFromArea
FN:22,getNumeroSensori
FN:27,aggiungiSensore
FN:47,modificaSensore
FN:93,getNumeroSensoriAreaCount
FN:103,eliminaSensore
FN:113,getOneSensore
FNF:8
FNH:1
FNDA:4,Object.<anonymous>
FNDA:0,getAllSensoriFromArea
FNDA:0,getNumeroSensori
FNDA:0,aggiungiSensore
FNDA:0,modificaSensore
FNDA:0,getNumeroSensoriAreaCount
FNDA:0,eliminaSensore
FNDA:0,getOneSensore
DA:1,1
DA:2,4
DA:3,4
DA:4,4
DA:5,4
DA:6,4
DA:7,4
DA:8,4
DA:9,4
DA:10,4
DA:11,4
DA:12,4
DA:13,0
DA:14,0
DA:15,0
DA:16,0
DA:17,0
DA:18,0
DA:19,0
DA:20,4
DA:21,4
DA:22,4
DA:23,0
DA:24,0
DA:25,4
DA:26,4
DA:27,4
DA:28,0
DA:29,0
DA:30,0
DA:31,0
DA:32,0
DA:33,0
DA:34,0
DA:35,0
DA:36,0
DA:37,0
DA:38,0
DA:39,0
DA:40,0
DA:41,0
DA:42,0
DA:43,0
DA:44,0
DA:45,4
DA:46,4
DA:47,4
DA:48,0
DA:49,0
DA:50,0
DA:51,0
DA:52,0
DA:53,0
DA:54,0
DA:55,0
DA:56,0
DA:57,0
DA:58,0
DA:59,0
DA:60,0
DA:61,0
DA:62,0
DA:63,0
DA:64,0
DA:65,0
DA:66,0
DA:67,0
DA:68,0
DA:69,0
DA:70,0
DA:71,0
DA:72,0
DA:73,0
DA:74,0
DA:75,0
DA:76,0
DA:77,0
DA:78,0
DA:79,0
DA:80,0
DA:81,0
DA:82,0
DA:83,0
DA:84,0
DA:85,0
DA:86,0
DA:87,0
DA:88,0
DA:89,0
DA:90,0
DA:91,0
DA:92,4
DA:93,4
DA:94,0
DA:95,0
DA:96,0
DA:97,0
DA:98,0
DA:99,0
DA:100,0
DA:101,4
DA:102,4
DA:103,4
DA:104,0
DA:105,0
DA:106,0
DA:107,0
DA:108,0
DA:109,0
DA:110,0
DA:111,0
DA:112,4
DA:113,4
DA:114,0
DA:115,0
DA:116,4
DA:117,4
DA:118,4
DA:119,4
DA:120,4
DA:121,4
DA:122,4
DA:123,4
DA:124,4
DA:125,4
LF:125
LH:38
BRDA:2,0,0,4
BRDA:2,1,0,4
BRF:2
BRH:2
end_of_record
